#
# A fatal error has been detected by the Java Runtime Environment:
#
#  SIGSEGV (0xb) at pc=0x00007f7531cad3c2, pid=116108, tid=116175
#
# JRE version: OpenJDK Runtime Environment (11.0.11+9) (build 11.0.11+9)
# Java VM: OpenJDK 64-Bit Server VM (11.0.11+9, mixed mode, tiered, compressed oops, g1 gc, linux-amd64)
# Problematic frame:
# V  [libjvm.so+0x7943c2]
#
# Core dump will be written. Default location: Core dumps may be processed with "/usr/lib/systemd/systemd-coredump %P %u %g %s %t %c %h" (or dumping to /home/cam/Godot/vr/core.116108)
#
# If you would like to submit a bug report, please visit:
#   https://bugreport.java.com/bugreport/crash.jsp
#

---------------  S U M M A R Y ------------

Command Line: -Dorg.gradle.appname=gradlew org.gradle.wrapper.GradleWrapperMain assembleDebug -p /home/cam/Godot/vr/android/build -Pexport_package_name=org.godotengine.codecanary -Pexport_version_code=1 -Pexport_version_name=1.0 -Pexport_enabled_abis=armeabi-v7a|arm64-v8a -Pplugins_local_binaries=/home/cam/Godot/vr/android/plugins/gdovrmobile.3.1.0-release.aar -Pplugins_remote_binaries= -Pplugins_maven_repos= -Pperform_zipalign=true -Pperform_signing=true -Pgodot_editor_version=3.3.2.stable

Host: AMD Ryzen 7 3700X 8-Core Processor, 16 cores, 31G, Manjaro Linux
Time: Wed Jul 21 11:39:50 2021 EDT elapsed time: 0.290779 seconds (0d 0h 0m 0s)

---------------  T H R E A D  ---------------

Current thread (0x00007f74e800d800):  GCTaskThread "GC Thread#9" [stack: 0x00007f748bdfe000,0x00007f748befe000] [id=116175]

Stack: [0x00007f748bdfe000,0x00007f748befe000],  sp=0x00007f748befcac0,  free space=1018k
Native frames: (J=compiled Java code, A=aot compiled Java code, j=interpreted, Vv=VM code, C=native code)
V  [libjvm.so+0x7943c2]
V  [libjvm.so+0x7952eb]
V  [libjvm.so+0x7522f3]
V  [libjvm.so+0x759f1f]
V  [libjvm.so+0xe1af2e]
V  [libjvm.so+0xd7db91]
V  [libjvm.so+0xbeaa81]


siginfo: si_signo: 11 (SIGSEGV), si_code: 2 (SEGV_ACCERR), si_addr: 0x00000008283c830b

Register to memory mapping:

RAX=0x0000000000000001 is an unknown value
RBX=0x00007f753269e0a0: <offset 0x00000000011850a0> in /usr/lib/jvm/java-11-openjdk/lib/server/libjvm.so at 0x00007f7531519000
RCX=0x0 is NULL
RDX=0x00007f753269e090: <offset 0x0000000001185090> in /usr/lib/jvm/java-11-openjdk/lib/server/libjvm.so at 0x00007f7531519000
RSP=0x00007f748befcac0 points into unknown readable memory: 0x00007f748befcb20 | 20 cb ef 8b 74 7f 00 00
RBP=0x00007f748befcb40 points into unknown readable memory: 0x00007f748befcbb0 | b0 cb ef 8b 74 7f 00 00
RSI=0x0000000000000001 is an unknown value
RDI=0x00000008283c8303 is an unknown value
R8 =0x0 is NULL
R9 =0x0000000000000001 is an unknown value
R10=0xc52ac3fcc52ac42c is an unknown value
R11=0x0000000000000001 is an unknown value
R12=0x00000006295620b0 is pointing into object: java.util.LinkedList$Node 
{0x00000006295620a0} - klass: 'java/util/LinkedList$Node'
R13=0x00007f7478000d40 points into unknown readable memory: 0x00007f75325cc990 | 90 c9 5c 32 75 7f 00 00
R14=0x00000006283c8c6c points into unknown readable memory: 16 c4 2a c5
R15=0x0000000000000001 is an unknown value


Registers:
RAX=0x0000000000000001, RBX=0x00007f753269e0a0, RCX=0x0000000000000000, RDX=0x00007f753269e090
RSP=0x00007f748befcac0, RBP=0x00007f748befcb40, RSI=0x0000000000000001, RDI=0x00000008283c8303
R8 =0x0000000000000000, R9 =0x0000000000000001, R10=0xc52ac3fcc52ac42c, R11=0x0000000000000001
R12=0x00000006295620b0, R13=0x00007f7478000d40, R14=0x00000006283c8c6c, R15=0x0000000000000001
RIP=0x00007f7531cad3c2, EFLAGS=0x0000000000010206, CSGSFS=0x002b000000000033, ERR=0x0000000000000004
  TRAPNO=0x000000000000000e

Top of Stack: (sp=0x00007f748befcac0)
0x00007f748befcac0:   00007f748befcb20 00007f7531caf6d4
0x00007f748befcad0:   0000000000000155 0000000000000005
0x00007f748befcae0:   0000000000000001 00000006283c8b00
0x00007f748befcaf0:   00007f7500000004 00000006283c8c60 

Instructions: (pc=0x00007f7531cad3c2)
0x00007f7531cad2c2:   44 4d 8b 4e 10 4d 8b 46 50 49 8d be 04 01 00 00
0x00007f7531cad2d2:   4d 8b 7e 08 4c 89 4d c0 4c 89 45 c8 67 e8 7c f4
0x00007f7531cad2e2:   08 00 4c 8b 4d c0 4c 8b 45 c8 4c 89 f9 48 89 c2
0x00007f7531cad2f2:   48 8d 35 20 24 71 00 48 8d 3d 38 cc 70 00 31 c0
0x00007f7531cad302:   e8 a9 64 fa ff 49 8b 7c 24 08 41 8b b4 24 9c 01
0x00007f7531cad312:   00 00 4c 89 e9 48 89 da 67 e8 f0 5e fb ff 48 8d
0x00007f7531cad322:   05 65 d9 a1 00 4d 89 b4 24 90 01 00 00 49 8d bc
0x00007f7531cad332:   24 70 01 00 00 80 38 00 74 3c 48 8d 05 4d 0d 9f
0x00007f7531cad342:   00 8b 53 08 8b 48 08 48 d3 e2 48 03 10 48 63 4a
0x00007f7531cad352:   0c 48 8d 05 e6 ca a1 00 48 89 de ff 14 c8 48 83
0x00007f7531cad362:   c4 18 48 89 d8 5b 41 5c 41 5d 41 5e 41 5f 5d c3
0x00007f7531cad372:   66 0f 1f 44 00 00 48 8b 53 08 eb d1 66 90 55 49
0x00007f7531cad382:   89 ca 48 89 e5 41 57 41 89 f7 41 56 41 55 49 89
0x00007f7531cad392:   fd 41 54 49 89 d4 53 48 83 ec 58 48 8d 05 e8 d8
0x00007f7531cad3a2:   a1 00 0f b6 00 84 c0 0f 84 21 03 00 00 8b 7a 08
0x00007f7531cad3b2:   48 8d 15 d7 0c 9f 00 8b 4a 08 48 d3 e7 48 03 3a
0x00007f7531cad3c2:   8b 5f 08 85 db 0f 8e b3 02 00 00 f6 c3 01 0f 85
0x00007f7531cad3d2:   42 01 00 00 c1 fb 03 4c 63 f3 49 8b 45 08 4c 89
0x00007f7531cad3e2:   e2 c7 45 b8 00 00 00 00 8b 88 c0 02 00 00 48 8b
0x00007f7531cad3f2:   80 b0 02 00 00 48 d3 ea 48 8b 04 d0 8b 80 40 01
0x00007f7531cad402:   00 00 89 45 b0 41 80 ff 01 0f 84 cf 02 00 00 49
0x00007f7531cad412:   0f be c7 41 80 bd c8 01 00 00 00 45 0f b6 9c 05
0x00007f7531cad422:   68 01 00 00 74 0a 41 80 fb 02 0f 84 2e 03 00 00
0x00007f7531cad432:   41 80 fb 01 49 0f be c3 0f 95 c1 49 8b 7d 60 48
0x00007f7531cad442:   8b 84 c7 10 01 00 00 44 8b 87 28 01 00 00 48 8b
0x00007f7531cad452:   50 38 4c 8b 48 30 45 85 c0 74 08 84 c9 0f 84 1b
0x00007f7531cad462:   03 00 00 4c 29 ca 48 c1 ea 03 4c 39 f2 0f 82 23
0x00007f7531cad472:   04 00 00 4b 8d 14 f1 48 89 50 30 4d 85 c9 0f 84
0x00007f7531cad482:   0a 04 00 00 48 8d 05 cb 60 9d 00 48 8b 00 41 0f
0x00007f7531cad492:   18 0c 01 4c 89 c9 49 8b 14 24 48 83 c9 03 eb 1b
0x00007f7531cad4a2:   66 0f 1f 44 00 00 48 89 d0 f0 49 0f b1 0c 24 48
0x00007f7531cad4b2:   39 c2 0f 84 96 00 00 00 48 89 c2 48 89 d0 83 e0 


Stack slot to memory mapping:
stack at sp + 0 slots: 0x00007f748befcb20 points into unknown readable memory: 0x00007f7478000eb0 | b0 0e 00 78 74 7f 00 00
stack at sp + 1 slots: 0x00007f7531caf6d4: <offset 0x00000000007966d4> in /usr/lib/jvm/java-11-openjdk/lib/server/libjvm.so at 0x00007f7531519000
stack at sp + 2 slots: 0x0000000000000155 is an unknown value
stack at sp + 3 slots: 0x0000000000000005 is an unknown value
stack at sp + 4 slots: 0x0000000000000001 is an unknown value
stack at sp + 5 slots: 0x00000006283c8b00 is an oop: java.lang.String 
{0x00000006283c8b00} - klass: 'java/lang/String'
stack at sp + 6 slots: 0x00007f7500000004 is an unknown value
stack at sp + 7 slots: 0x00000006283c8c60 is an oop: java.util.LinkedList$Node 
{0x00000006283c8c60} - klass: 'java/util/LinkedList$Node'


---------------  P R O C E S S  ---------------

Threads class SMR info:
_java_thread_list=0x00007f752ca58b60, length=16, elements={
0x00007f752c017000, 0x00007f752c272800, 0x00007f752c276800, 0x00007f752c28c000,
0x00007f752c28e000, 0x00007f752c290800, 0x00007f752c292800, 0x00007f752c294800,
0x00007f752c350800, 0x00007f74d0070800, 0x00007f74cc0cf800, 0x00007f74c0035800,
0x00007f74c0080000, 0x00007f74c0110000, 0x00007f74c0111800, 0x00007f752ca58000
}

Java Threads: ( => current thread )
  0x00007f752c017000 JavaThread "main" [_thread_blocked, id=116144, stack(0x00007f75310a3000,0x00007f75311a4000)]
  0x00007f752c272800 JavaThread "Reference Handler" daemon [_thread_blocked, id=116151, stack(0x00007f74fc0ab000,0x00007f74fc1ac000)]
  0x00007f752c276800 JavaThread "Finalizer" daemon [_thread_blocked, id=116152, stack(0x00007f74f5eff000,0x00007f74f6000000)]
  0x00007f752c28c000 JavaThread "Signal Dispatcher" daemon [_thread_blocked, id=116153, stack(0x00007f74f5b17000,0x00007f74f5c18000)]
  0x00007f752c28e000 JavaThread "Service Thread" daemon [_thread_blocked, id=116154, stack(0x00007f74f5a16000,0x00007f74f5b17000)]
  0x00007f752c290800 JavaThread "C2 CompilerThread0" daemon [_thread_blocked, id=116155, stack(0x00007f74f5915000,0x00007f74f5a16000)]
  0x00007f752c292800 JavaThread "C1 CompilerThread0" daemon [_thread_blocked, id=116156, stack(0x00007f74f5814000,0x00007f74f5915000)]
  0x00007f752c294800 JavaThread "Sweeper thread" daemon [_thread_blocked, id=116157, stack(0x00007f74f5713000,0x00007f74f5814000)]
  0x00007f752c350800 JavaThread "Common-Cleaner" daemon [_thread_blocked, id=116159, stack(0x00007f74f5510000,0x00007f74f5611000)]
  0x00007f74d0070800 JavaThread "C1 CompilerThread1" daemon [_thread_blocked, id=116160, stack(0x00007f74f540f000,0x00007f74f5510000)]
  0x00007f74cc0cf800 JavaThread "C2 CompilerThread1" daemon [_thread_in_native, id=116161, stack(0x00007f74f530e000,0x00007f74f540f000)]
  0x00007f74c0035800 JavaThread "C2 CompilerThread2" daemon [_thread_in_native, id=116162, stack(0x00007f74f520d000,0x00007f74f530e000)]
  0x00007f74c0080000 JavaThread "C2 CompilerThread3" daemon [_thread_blocked, id=116163, stack(0x00007f74f510c000,0x00007f74f520d000)]
  0x00007f74c0110000 JavaThread "C1 CompilerThread2" daemon [_thread_blocked, id=116164, stack(0x00007f74f4e0b000,0x00007f74f4f0c000)]
  0x00007f74c0111800 JavaThread "C1 CompilerThread3" daemon [_thread_blocked, id=116165, stack(0x00007f74f4d0a000,0x00007f74f4e0b000)]
  0x00007f752ca58000 JavaThread "pool-1-thread-1" [_thread_blocked, id=116166, stack(0x00007f74f478d000,0x00007f74f488e000)]

Other Threads:
  0x00007f752c26a000 VMThread "VM Thread" [stack: 0x00007f74fc1ae000,0x00007f74fc2ae000] [id=116150]
  0x00007f752c343000 WatcherThread [stack: 0x00007f74f5613000,0x00007f74f5713000] [id=116158]
  0x00007f752c02f000 GCTaskThread "GC Thread#0" [stack: 0x00007f7530d64000,0x00007f7530e64000] [id=116145]
  0x00007f74e8001000 GCTaskThread "GC Thread#1" [stack: 0x00007f74f468d000,0x00007f74f478d000] [id=116167]
  0x00007f74e8002800 GCTaskThread "GC Thread#2" [stack: 0x00007f74f458b000,0x00007f74f468b000] [id=116168]
  0x00007f74e8004000 GCTaskThread "GC Thread#3" [stack: 0x00007f74f4489000,0x00007f74f4589000] [id=116169]
  0x00007f74e8005800 GCTaskThread "GC Thread#4" [stack: 0x00007f74f4387000,0x00007f74f4487000] [id=116170]
  0x00007f74e8007800 GCTaskThread "GC Thread#5" [stack: 0x00007f74f4285000,0x00007f74f4385000] [id=116171]
  0x00007f74e8009000 GCTaskThread "GC Thread#6" [stack: 0x00007f74f4183000,0x00007f74f4283000] [id=116172]
  0x00007f74e800a800 GCTaskThread "GC Thread#7" [stack: 0x00007f74f4081000,0x00007f74f4181000] [id=116173]
  0x00007f74e800c000 GCTaskThread "GC Thread#8" [stack: 0x00007f748bf00000,0x00007f748c000000] [id=116174]
=>0x00007f74e800d800 GCTaskThread "GC Thread#9" [stack: 0x00007f748bdfe000,0x00007f748befe000] [id=116175]
  0x00007f74e800f000 GCTaskThread "GC Thread#10" [stack: 0x00007f748bcfc000,0x00007f748bdfc000] [id=116176]
  0x00007f74e8010800 GCTaskThread "GC Thread#11" [stack: 0x00007f748bbfa000,0x00007f748bcfa000] [id=116177]
  0x00007f752c06a000 ConcurrentGCThread "G1 Main Marker" [stack: 0x00007f75145f8000,0x00007f75146f8000] [id=116146]
  0x00007f752c06c000 ConcurrentGCThread "G1 Conc#0" [stack: 0x00007f75144f6000,0x00007f75145f6000] [id=116147]
  0x00007f752c204000 ConcurrentGCThread "G1 Refine#0" [stack: 0x00007f74fcc33000,0x00007f74fcd33000] [id=116148]
  0x00007f752c205800 ConcurrentGCThread "G1 Young RemSet Sampling" [stack: 0x00007f74fcb31000,0x00007f74fcc31000] [id=116149]

Threads with active compile tasks:
C2 CompilerThread1    292  893       4       java.lang.String::substring (58 bytes)
C2 CompilerThread2    292  791  s!   4       jdk.internal.loader.URLClassPath::getLoader (194 bytes)

VM state:at safepoint (normal execution)

VM Mutex/Monitor currently owned by a thread:  ([mutex/lock_event])
[0x00007f752c012f10] Threads_lock - owner thread: 0x00007f752c26a000
[0x00007f752c0136f0] Heap_lock - owner thread: 0x00007f752c017000

Heap address: 0x000000060a800000, size: 8024 MB, Compressed Oops mode: Zero based, Oop shift amount: 3
Narrow klass base: 0x0000000800000000, Narrow klass shift: 0
Compressed class space size: 1073741824 Address: 0x0000000800000000

Heap:
 garbage-first heap   total 514048K, used 32766K [0x000000060a800000, 0x0000000800000000)
  region size 2048K, 14 young (28672K), 2 survivors (4096K)
 Metaspace       used 10993K, capacity 11244K, committed 11520K, reserved 1058816K
  class space    used 1162K, capacity 1257K, committed 1280K, reserved 1048576K
Heap Regions: E=young(eden), S=young(survivor), O=old, HS=humongous(starts), HC=humongous(continues), CS=collection set, F=free, A=archive, TAMS=top-at-mark-start (previous, next)
|   0|0x000000060a800000, 0x000000060aa00000, 0x000000060aa00000|100%|HS|  |TAMS 0x000000060a800000, 0x000000060a800000| Complete 
|   1|0x000000060aa00000, 0x000000060ac00000, 0x000000060ac00000|100%|HC|  |TAMS 0x000000060aa00000, 0x000000060aa00000| Complete 
|   2|0x000000060ac00000, 0x000000060ae00000, 0x000000060ae00000|100%|HS|  |TAMS 0x000000060ac00000, 0x000000060ac00000| Complete 
|   3|0x000000060ae00000, 0x000000060b000000, 0x000000060b000000|100%|HC|  |TAMS 0x000000060ae00000, 0x000000060ae00000| Complete 
|   4|0x000000060b000000, 0x000000060b119a68, 0x000000060b200000| 55%| O|  |TAMS 0x000000060b000000, 0x000000060b000000| Untracked 
|   5|0x000000060b200000, 0x000000060b200000, 0x000000060b400000|  0%| F|  |TAMS 0x000000060b200000, 0x000000060b200000| Untracked 
|   6|0x000000060b400000, 0x000000060b400000, 0x000000060b600000|  0%| F|  |TAMS 0x000000060b400000, 0x000000060b400000| Untracked 
|   7|0x000000060b600000, 0x000000060b600000, 0x000000060b800000|  0%| F|  |TAMS 0x000000060b600000, 0x000000060b600000| Untracked 
|   8|0x000000060b800000, 0x000000060b800000, 0x000000060ba00000|  0%| F|  |TAMS 0x000000060b800000, 0x000000060b800000| Untracked 
|   9|0x000000060ba00000, 0x000000060ba00000, 0x000000060bc00000|  0%| F|  |TAMS 0x000000060ba00000, 0x000000060ba00000| Untracked 
|  10|0x000000060bc00000, 0x000000060bc00000, 0x000000060be00000|  0%| F|  |TAMS 0x000000060bc00000, 0x000000060bc00000| Untracked 
|  11|0x000000060be00000, 0x000000060be00000, 0x000000060c000000|  0%| F|  |TAMS 0x000000060be00000, 0x000000060be00000| Untracked 
|  12|0x000000060c000000, 0x000000060c000000, 0x000000060c200000|  0%| F|  |TAMS 0x000000060c000000, 0x000000060c000000| Untracked 
|  13|0x000000060c200000, 0x000000060c200000, 0x000000060c400000|  0%| F|  |TAMS 0x000000060c200000, 0x000000060c200000| Untracked 
|  14|0x000000060c400000, 0x000000060c400000, 0x000000060c600000|  0%| F|  |TAMS 0x000000060c400000, 0x000000060c400000| Untracked 
|  15|0x000000060c600000, 0x000000060c600000, 0x000000060c800000|  0%| F|  |TAMS 0x000000060c600000, 0x000000060c600000| Untracked 
|  16|0x000000060c800000, 0x000000060c800000, 0x000000060ca00000|  0%| F|  |TAMS 0x000000060c800000, 0x000000060c800000| Untracked 
|  17|0x000000060ca00000, 0x000000060ca00000, 0x000000060cc00000|  0%| F|  |TAMS 0x000000060ca00000, 0x000000060ca00000| Untracked 
|  18|0x000000060cc00000, 0x000000060cc00000, 0x000000060ce00000|  0%| F|  |TAMS 0x000000060cc00000, 0x000000060cc00000| Untracked 
|  19|0x000000060ce00000, 0x000000060ce00000, 0x000000060d000000|  0%| F|  |TAMS 0x000000060ce00000, 0x000000060ce00000| Untracked 
|  20|0x000000060d000000, 0x000000060d000000, 0x000000060d200000|  0%| F|  |TAMS 0x000000060d000000, 0x000000060d000000| Untracked 
|  21|0x000000060d200000, 0x000000060d200000, 0x000000060d400000|  0%| F|  |TAMS 0x000000060d200000, 0x000000060d200000| Untracked 
|  22|0x000000060d400000, 0x000000060d400000, 0x000000060d600000|  0%| F|  |TAMS 0x000000060d400000, 0x000000060d400000| Untracked 
|  23|0x000000060d600000, 0x000000060d600000, 0x000000060d800000|  0%| F|  |TAMS 0x000000060d600000, 0x000000060d600000| Untracked 
|  24|0x000000060d800000, 0x000000060d800000, 0x000000060da00000|  0%| F|  |TAMS 0x000000060d800000, 0x000000060d800000| Untracked 
|  25|0x000000060da00000, 0x000000060da00000, 0x000000060dc00000|  0%| F|  |TAMS 0x000000060da00000, 0x000000060da00000| Untracked 
|  26|0x000000060dc00000, 0x000000060dc00000, 0x000000060de00000|  0%| F|  |TAMS 0x000000060dc00000, 0x000000060dc00000| Untracked 
|  27|0x000000060de00000, 0x000000060de00000, 0x000000060e000000|  0%| F|  |TAMS 0x000000060de00000, 0x000000060de00000| Untracked 
|  28|0x000000060e000000, 0x000000060e000000, 0x000000060e200000|  0%| F|  |TAMS 0x000000060e000000, 0x000000060e000000| Untracked 
|  29|0x000000060e200000, 0x000000060e200000, 0x000000060e400000|  0%| F|  |TAMS 0x000000060e200000, 0x000000060e200000| Untracked 
|  30|0x000000060e400000, 0x000000060e400000, 0x000000060e600000|  0%| F|  |TAMS 0x000000060e400000, 0x000000060e400000| Untracked 
|  31|0x000000060e600000, 0x000000060e600000, 0x000000060e800000|  0%| F|  |TAMS 0x000000060e600000, 0x000000060e600000| Untracked 
|  32|0x000000060e800000, 0x000000060e800000, 0x000000060ea00000|  0%| F|  |TAMS 0x000000060e800000, 0x000000060e800000| Untracked 
|  33|0x000000060ea00000, 0x000000060ea00000, 0x000000060ec00000|  0%| F|  |TAMS 0x000000060ea00000, 0x000000060ea00000| Untracked 
|  34|0x000000060ec00000, 0x000000060ec00000, 0x000000060ee00000|  0%| F|  |TAMS 0x000000060ec00000, 0x000000060ec00000| Untracked 
|  35|0x000000060ee00000, 0x000000060ee00000, 0x000000060f000000|  0%| F|  |TAMS 0x000000060ee00000, 0x000000060ee00000| Untracked 
|  36|0x000000060f000000, 0x000000060f000000, 0x000000060f200000|  0%| F|  |TAMS 0x000000060f000000, 0x000000060f000000| Untracked 
|  37|0x000000060f200000, 0x000000060f200000, 0x000000060f400000|  0%| F|  |TAMS 0x000000060f200000, 0x000000060f200000| Untracked 
|  38|0x000000060f400000, 0x000000060f400000, 0x000000060f600000|  0%| F|  |TAMS 0x000000060f400000, 0x000000060f400000| Untracked 
|  39|0x000000060f600000, 0x000000060f600000, 0x000000060f800000|  0%| F|  |TAMS 0x000000060f600000, 0x000000060f600000| Untracked 
|  40|0x000000060f800000, 0x000000060f800000, 0x000000060fa00000|  0%| F|  |TAMS 0x000000060f800000, 0x000000060f800000| Untracked 
|  41|0x000000060fa00000, 0x000000060fa00000, 0x000000060fc00000|  0%| F|  |TAMS 0x000000060fa00000, 0x000000060fa00000| Untracked 
|  42|0x000000060fc00000, 0x000000060fc00000, 0x000000060fe00000|  0%| F|  |TAMS 0x000000060fc00000, 0x000000060fc00000| Untracked 
|  43|0x000000060fe00000, 0x000000060fe00000, 0x0000000610000000|  0%| F|  |TAMS 0x000000060fe00000, 0x000000060fe00000| Untracked 
|  44|0x0000000610000000, 0x0000000610000000, 0x0000000610200000|  0%| F|  |TAMS 0x0000000610000000, 0x0000000610000000| Untracked 
|  45|0x0000000610200000, 0x0000000610200000, 0x0000000610400000|  0%| F|  |TAMS 0x0000000610200000, 0x0000000610200000| Untracked 
|  46|0x0000000610400000, 0x0000000610400000, 0x0000000610600000|  0%| F|  |TAMS 0x0000000610400000, 0x0000000610400000| Untracked 
|  47|0x0000000610600000, 0x0000000610600000, 0x0000000610800000|  0%| F|  |TAMS 0x0000000610600000, 0x0000000610600000| Untracked 
|  48|0x0000000610800000, 0x0000000610800000, 0x0000000610a00000|  0%| F|  |TAMS 0x0000000610800000, 0x0000000610800000| Untracked 
|  49|0x0000000610a00000, 0x0000000610a00000, 0x0000000610c00000|  0%| F|  |TAMS 0x0000000610a00000, 0x0000000610a00000| Untracked 
|  50|0x0000000610c00000, 0x0000000610c00000, 0x0000000610e00000|  0%| F|  |TAMS 0x0000000610c00000, 0x0000000610c00000| Untracked 
|  51|0x0000000610e00000, 0x0000000610e00000, 0x0000000611000000|  0%| F|  |TAMS 0x0000000610e00000, 0x0000000610e00000| Untracked 
|  52|0x0000000611000000, 0x0000000611000000, 0x0000000611200000|  0%| F|  |TAMS 0x0000000611000000, 0x0000000611000000| Untracked 
|  53|0x0000000611200000, 0x0000000611200000, 0x0000000611400000|  0%| F|  |TAMS 0x0000000611200000, 0x0000000611200000| Untracked 
|  54|0x0000000611400000, 0x0000000611400000, 0x0000000611600000|  0%| F|  |TAMS 0x0000000611400000, 0x0000000611400000| Untracked 
|  55|0x0000000611600000, 0x0000000611600000, 0x0000000611800000|  0%| F|  |TAMS 0x0000000611600000, 0x0000000611600000| Untracked 
|  56|0x0000000611800000, 0x0000000611800000, 0x0000000611a00000|  0%| F|  |TAMS 0x0000000611800000, 0x0000000611800000| Untracked 
|  57|0x0000000611a00000, 0x0000000611a00000, 0x0000000611c00000|  0%| F|  |TAMS 0x0000000611a00000, 0x0000000611a00000| Untracked 
|  58|0x0000000611c00000, 0x0000000611c00000, 0x0000000611e00000|  0%| F|  |TAMS 0x0000000611c00000, 0x0000000611c00000| Untracked 
|  59|0x0000000611e00000, 0x0000000611e00000, 0x0000000612000000|  0%| F|  |TAMS 0x0000000611e00000, 0x0000000611e00000| Untracked 
|  60|0x0000000612000000, 0x0000000612000000, 0x0000000612200000|  0%| F|  |TAMS 0x0000000612000000, 0x0000000612000000| Untracked 
|  61|0x0000000612200000, 0x0000000612200000, 0x0000000612400000|  0%| F|  |TAMS 0x0000000612200000, 0x0000000612200000| Untracked 
|  62|0x0000000612400000, 0x0000000612400000, 0x0000000612600000|  0%| F|  |TAMS 0x0000000612400000, 0x0000000612400000| Untracked 
|  63|0x0000000612600000, 0x0000000612600000, 0x0000000612800000|  0%| F|  |TAMS 0x0000000612600000, 0x0000000612600000| Untracked 
|  64|0x0000000612800000, 0x0000000612800000, 0x0000000612a00000|  0%| F|  |TAMS 0x0000000612800000, 0x0000000612800000| Untracked 
|  65|0x0000000612a00000, 0x0000000612a00000, 0x0000000612c00000|  0%| F|  |TAMS 0x0000000612a00000, 0x0000000612a00000| Untracked 
|  66|0x0000000612c00000, 0x0000000612c00000, 0x0000000612e00000|  0%| F|  |TAMS 0x0000000612c00000, 0x0000000612c00000| Untracked 
|  67|0x0000000612e00000, 0x0000000612e00000, 0x0000000613000000|  0%| F|  |TAMS 0x0000000612e00000, 0x0000000612e00000| Untracked 
|  68|0x0000000613000000, 0x0000000613000000, 0x0000000613200000|  0%| F|  |TAMS 0x0000000613000000, 0x0000000613000000| Untracked 
|  69|0x0000000613200000, 0x0000000613200000, 0x0000000613400000|  0%| F|  |TAMS 0x0000000613200000, 0x0000000613200000| Untracked 
|  70|0x0000000613400000, 0x0000000613400000, 0x0000000613600000|  0%| F|  |TAMS 0x0000000613400000, 0x0000000613400000| Untracked 
|  71|0x0000000613600000, 0x0000000613600000, 0x0000000613800000|  0%| F|  |TAMS 0x0000000613600000, 0x0000000613600000| Untracked 
|  72|0x0000000613800000, 0x0000000613800000, 0x0000000613a00000|  0%| F|  |TAMS 0x0000000613800000, 0x0000000613800000| Untracked 
|  73|0x0000000613a00000, 0x0000000613a00000, 0x0000000613c00000|  0%| F|  |TAMS 0x0000000613a00000, 0x0000000613a00000| Untracked 
|  74|0x0000000613c00000, 0x0000000613c00000, 0x0000000613e00000|  0%| F|  |TAMS 0x0000000613c00000, 0x0000000613c00000| Untracked 
|  75|0x0000000613e00000, 0x0000000613e00000, 0x0000000614000000|  0%| F|  |TAMS 0x0000000613e00000, 0x0000000613e00000| Untracked 
|  76|0x0000000614000000, 0x0000000614000000, 0x0000000614200000|  0%| F|  |TAMS 0x0000000614000000, 0x0000000614000000| Untracked 
|  77|0x0000000614200000, 0x0000000614200000, 0x0000000614400000|  0%| F|  |TAMS 0x0000000614200000, 0x0000000614200000| Untracked 
|  78|0x0000000614400000, 0x0000000614400000, 0x0000000614600000|  0%| F|  |TAMS 0x0000000614400000, 0x0000000614400000| Untracked 
|  79|0x0000000614600000, 0x0000000614600000, 0x0000000614800000|  0%| F|  |TAMS 0x0000000614600000, 0x0000000614600000| Untracked 
|  80|0x0000000614800000, 0x0000000614800000, 0x0000000614a00000|  0%| F|  |TAMS 0x0000000614800000, 0x0000000614800000| Untracked 
|  81|0x0000000614a00000, 0x0000000614a00000, 0x0000000614c00000|  0%| F|  |TAMS 0x0000000614a00000, 0x0000000614a00000| Untracked 
|  82|0x0000000614c00000, 0x0000000614c00000, 0x0000000614e00000|  0%| F|  |TAMS 0x0000000614c00000, 0x0000000614c00000| Untracked 
|  83|0x0000000614e00000, 0x0000000614e00000, 0x0000000615000000|  0%| F|  |TAMS 0x0000000614e00000, 0x0000000614e00000| Untracked 
|  84|0x0000000615000000, 0x0000000615000000, 0x0000000615200000|  0%| F|  |TAMS 0x0000000615000000, 0x0000000615000000| Untracked 
|  85|0x0000000615200000, 0x0000000615200000, 0x0000000615400000|  0%| F|  |TAMS 0x0000000615200000, 0x0000000615200000| Untracked 
|  86|0x0000000615400000, 0x0000000615400000, 0x0000000615600000|  0%| F|  |TAMS 0x0000000615400000, 0x0000000615400000| Untracked 
|  87|0x0000000615600000, 0x0000000615600000, 0x0000000615800000|  0%| F|  |TAMS 0x0000000615600000, 0x0000000615600000| Untracked 
|  88|0x0000000615800000, 0x0000000615800000, 0x0000000615a00000|  0%| F|  |TAMS 0x0000000615800000, 0x0000000615800000| Untracked 
|  89|0x0000000615a00000, 0x0000000615a00000, 0x0000000615c00000|  0%| F|  |TAMS 0x0000000615a00000, 0x0000000615a00000| Untracked 
|  90|0x0000000615c00000, 0x0000000615c00000, 0x0000000615e00000|  0%| F|  |TAMS 0x0000000615c00000, 0x0000000615c00000| Untracked 
|  91|0x0000000615e00000, 0x0000000615e00000, 0x0000000616000000|  0%| F|  |TAMS 0x0000000615e00000, 0x0000000615e00000| Untracked 
|  92|0x0000000616000000, 0x0000000616000000, 0x0000000616200000|  0%| F|  |TAMS 0x0000000616000000, 0x0000000616000000| Untracked 
|  93|0x0000000616200000, 0x0000000616200000, 0x0000000616400000|  0%| F|  |TAMS 0x0000000616200000, 0x0000000616200000| Untracked 
|  94|0x0000000616400000, 0x0000000616400000, 0x0000000616600000|  0%| F|  |TAMS 0x0000000616400000, 0x0000000616400000| Untracked 
|  95|0x0000000616600000, 0x0000000616600000, 0x0000000616800000|  0%| F|  |TAMS 0x0000000616600000, 0x0000000616600000| Untracked 
|  96|0x0000000616800000, 0x0000000616800000, 0x0000000616a00000|  0%| F|  |TAMS 0x0000000616800000, 0x0000000616800000| Untracked 
|  97|0x0000000616a00000, 0x0000000616a00000, 0x0000000616c00000|  0%| F|  |TAMS 0x0000000616a00000, 0x0000000616a00000| Untracked 
|  98|0x0000000616c00000, 0x0000000616c00000, 0x0000000616e00000|  0%| F|  |TAMS 0x0000000616c00000, 0x0000000616c00000| Untracked 
|  99|0x0000000616e00000, 0x0000000616e00000, 0x0000000617000000|  0%| F|  |TAMS 0x0000000616e00000, 0x0000000616e00000| Untracked 
| 100|0x0000000617000000, 0x0000000617000000, 0x0000000617200000|  0%| F|  |TAMS 0x0000000617000000, 0x0000000617000000| Untracked 
| 101|0x0000000617200000, 0x0000000617200000, 0x0000000617400000|  0%| F|  |TAMS 0x0000000617200000, 0x0000000617200000| Untracked 
| 102|0x0000000617400000, 0x0000000617400000, 0x0000000617600000|  0%| F|  |TAMS 0x0000000617400000, 0x0000000617400000| Untracked 
| 103|0x0000000617600000, 0x0000000617600000, 0x0000000617800000|  0%| F|  |TAMS 0x0000000617600000, 0x0000000617600000| Untracked 
| 104|0x0000000617800000, 0x0000000617800000, 0x0000000617a00000|  0%| F|  |TAMS 0x0000000617800000, 0x0000000617800000| Untracked 
| 105|0x0000000617a00000, 0x0000000617a00000, 0x0000000617c00000|  0%| F|  |TAMS 0x0000000617a00000, 0x0000000617a00000| Untracked 
| 106|0x0000000617c00000, 0x0000000617c00000, 0x0000000617e00000|  0%| F|  |TAMS 0x0000000617c00000, 0x0000000617c00000| Untracked 
| 107|0x0000000617e00000, 0x0000000617e00000, 0x0000000618000000|  0%| F|  |TAMS 0x0000000617e00000, 0x0000000617e00000| Untracked 
| 108|0x0000000618000000, 0x0000000618000000, 0x0000000618200000|  0%| F|  |TAMS 0x0000000618000000, 0x0000000618000000| Untracked 
| 109|0x0000000618200000, 0x0000000618200000, 0x0000000618400000|  0%| F|  |TAMS 0x0000000618200000, 0x0000000618200000| Untracked 
| 110|0x0000000618400000, 0x0000000618400000, 0x0000000618600000|  0%| F|  |TAMS 0x0000000618400000, 0x0000000618400000| Untracked 
| 111|0x0000000618600000, 0x0000000618600000, 0x0000000618800000|  0%| F|  |TAMS 0x0000000618600000, 0x0000000618600000| Untracked 
| 112|0x0000000618800000, 0x0000000618800000, 0x0000000618a00000|  0%| F|  |TAMS 0x0000000618800000, 0x0000000618800000| Untracked 
| 113|0x0000000618a00000, 0x0000000618a00000, 0x0000000618c00000|  0%| F|  |TAMS 0x0000000618a00000, 0x0000000618a00000| Untracked 
| 114|0x0000000618c00000, 0x0000000618c00000, 0x0000000618e00000|  0%| F|  |TAMS 0x0000000618c00000, 0x0000000618c00000| Untracked 
| 115|0x0000000618e00000, 0x0000000618e00000, 0x0000000619000000|  0%| F|  |TAMS 0x0000000618e00000, 0x0000000618e00000| Untracked 
| 116|0x0000000619000000, 0x0000000619000000, 0x0000000619200000|  0%| F|  |TAMS 0x0000000619000000, 0x0000000619000000| Untracked 
| 117|0x0000000619200000, 0x0000000619200000, 0x0000000619400000|  0%| F|  |TAMS 0x0000000619200000, 0x0000000619200000| Untracked 
| 118|0x0000000619400000, 0x0000000619400000, 0x0000000619600000|  0%| F|  |TAMS 0x0000000619400000, 0x0000000619400000| Untracked 
| 119|0x0000000619600000, 0x0000000619600000, 0x0000000619800000|  0%| F|  |TAMS 0x0000000619600000, 0x0000000619600000| Untracked 
| 120|0x0000000619800000, 0x0000000619800000, 0x0000000619a00000|  0%| F|  |TAMS 0x0000000619800000, 0x0000000619800000| Untracked 
| 121|0x0000000619a00000, 0x0000000619a00000, 0x0000000619c00000|  0%| F|  |TAMS 0x0000000619a00000, 0x0000000619a00000| Untracked 
| 122|0x0000000619c00000, 0x0000000619c00000, 0x0000000619e00000|  0%| F|  |TAMS 0x0000000619c00000, 0x0000000619c00000| Untracked 
| 123|0x0000000619e00000, 0x0000000619e00000, 0x000000061a000000|  0%| F|  |TAMS 0x0000000619e00000, 0x0000000619e00000| Untracked 
| 124|0x000000061a000000, 0x000000061a000000, 0x000000061a200000|  0%| F|  |TAMS 0x000000061a000000, 0x000000061a000000| Untracked 
| 125|0x000000061a200000, 0x000000061a200000, 0x000000061a400000|  0%| F|  |TAMS 0x000000061a200000, 0x000000061a200000| Untracked 
| 126|0x000000061a400000, 0x000000061a400000, 0x000000061a600000|  0%| F|  |TAMS 0x000000061a400000, 0x000000061a400000| Untracked 
| 127|0x000000061a600000, 0x000000061a600000, 0x000000061a800000|  0%| F|  |TAMS 0x000000061a600000, 0x000000061a600000| Untracked 
| 128|0x000000061a800000, 0x000000061a800000, 0x000000061aa00000|  0%| F|  |TAMS 0x000000061a800000, 0x000000061a800000| Untracked 
| 129|0x000000061aa00000, 0x000000061aa00000, 0x000000061ac00000|  0%| F|  |TAMS 0x000000061aa00000, 0x000000061aa00000| Untracked 
| 130|0x000000061ac00000, 0x000000061ac00000, 0x000000061ae00000|  0%| F|  |TAMS 0x000000061ac00000, 0x000000061ac00000| Untracked 
| 131|0x000000061ae00000, 0x000000061ae00000, 0x000000061b000000|  0%| F|  |TAMS 0x000000061ae00000, 0x000000061ae00000| Untracked 
| 132|0x000000061b000000, 0x000000061b000000, 0x000000061b200000|  0%| F|  |TAMS 0x000000061b000000, 0x000000061b000000| Untracked 
| 133|0x000000061b200000, 0x000000061b200000, 0x000000061b400000|  0%| F|  |TAMS 0x000000061b200000, 0x000000061b200000| Untracked 
| 134|0x000000061b400000, 0x000000061b400000, 0x000000061b600000|  0%| F|  |TAMS 0x000000061b400000, 0x000000061b400000| Untracked 
| 135|0x000000061b600000, 0x000000061b600000, 0x000000061b800000|  0%| F|  |TAMS 0x000000061b600000, 0x000000061b600000| Untracked 
| 136|0x000000061b800000, 0x000000061b800000, 0x000000061ba00000|  0%| F|  |TAMS 0x000000061b800000, 0x000000061b800000| Untracked 
| 137|0x000000061ba00000, 0x000000061ba00000, 0x000000061bc00000|  0%| F|  |TAMS 0x000000061ba00000, 0x000000061ba00000| Untracked 
| 138|0x000000061bc00000, 0x000000061bc00000, 0x000000061be00000|  0%| F|  |TAMS 0x000000061bc00000, 0x000000061bc00000| Untracked 
| 139|0x000000061be00000, 0x000000061be00000, 0x000000061c000000|  0%| F|  |TAMS 0x000000061be00000, 0x000000061be00000| Untracked 
| 140|0x000000061c000000, 0x000000061c000000, 0x000000061c200000|  0%| F|  |TAMS 0x000000061c000000, 0x000000061c000000| Untracked 
| 141|0x000000061c200000, 0x000000061c200000, 0x000000061c400000|  0%| F|  |TAMS 0x000000061c200000, 0x000000061c200000| Untracked 
| 142|0x000000061c400000, 0x000000061c400000, 0x000000061c600000|  0%| F|  |TAMS 0x000000061c400000, 0x000000061c400000| Untracked 
| 143|0x000000061c600000, 0x000000061c600000, 0x000000061c800000|  0%| F|  |TAMS 0x000000061c600000, 0x000000061c600000| Untracked 
| 144|0x000000061c800000, 0x000000061c800000, 0x000000061ca00000|  0%| F|  |TAMS 0x000000061c800000, 0x000000061c800000| Untracked 
| 145|0x000000061ca00000, 0x000000061ca00000, 0x000000061cc00000|  0%| F|  |TAMS 0x000000061ca00000, 0x000000061ca00000| Untracked 
| 146|0x000000061cc00000, 0x000000061cc00000, 0x000000061ce00000|  0%| F|  |TAMS 0x000000061cc00000, 0x000000061cc00000| Untracked 
| 147|0x000000061ce00000, 0x000000061ce00000, 0x000000061d000000|  0%| F|  |TAMS 0x000000061ce00000, 0x000000061ce00000| Untracked 
| 148|0x000000061d000000, 0x000000061d000000, 0x000000061d200000|  0%| F|  |TAMS 0x000000061d000000, 0x000000061d000000| Untracked 
| 149|0x000000061d200000, 0x000000061d200000, 0x000000061d400000|  0%| F|  |TAMS 0x000000061d200000, 0x000000061d200000| Untracked 
| 150|0x000000061d400000, 0x000000061d400000, 0x000000061d600000|  0%| F|  |TAMS 0x000000061d400000, 0x000000061d400000| Untracked 
| 151|0x000000061d600000, 0x000000061d600000, 0x000000061d800000|  0%| F|  |TAMS 0x000000061d600000, 0x000000061d600000| Untracked 
| 152|0x000000061d800000, 0x000000061d800000, 0x000000061da00000|  0%| F|  |TAMS 0x000000061d800000, 0x000000061d800000| Untracked 
| 153|0x000000061da00000, 0x000000061da00000, 0x000000061dc00000|  0%| F|  |TAMS 0x000000061da00000, 0x000000061da00000| Untracked 
| 154|0x000000061dc00000, 0x000000061dc00000, 0x000000061de00000|  0%| F|  |TAMS 0x000000061dc00000, 0x000000061dc00000| Untracked 
| 155|0x000000061de00000, 0x000000061de00000, 0x000000061e000000|  0%| F|  |TAMS 0x000000061de00000, 0x000000061de00000| Untracked 
| 156|0x000000061e000000, 0x000000061e000000, 0x000000061e200000|  0%| F|  |TAMS 0x000000061e000000, 0x000000061e000000| Untracked 
| 157|0x000000061e200000, 0x000000061e200000, 0x000000061e400000|  0%| F|  |TAMS 0x000000061e200000, 0x000000061e200000| Untracked 
| 158|0x000000061e400000, 0x000000061e400000, 0x000000061e600000|  0%| F|  |TAMS 0x000000061e400000, 0x000000061e400000| Untracked 
| 159|0x000000061e600000, 0x000000061e600000, 0x000000061e800000|  0%| F|  |TAMS 0x000000061e600000, 0x000000061e600000| Untracked 
| 160|0x000000061e800000, 0x000000061e800000, 0x000000061ea00000|  0%| F|  |TAMS 0x000000061e800000, 0x000000061e800000| Untracked 
| 161|0x000000061ea00000, 0x000000061ea00000, 0x000000061ec00000|  0%| F|  |TAMS 0x000000061ea00000, 0x000000061ea00000| Untracked 
| 162|0x000000061ec00000, 0x000000061ec00000, 0x000000061ee00000|  0%| F|  |TAMS 0x000000061ec00000, 0x000000061ec00000| Untracked 
| 163|0x000000061ee00000, 0x000000061ee00000, 0x000000061f000000|  0%| F|  |TAMS 0x000000061ee00000, 0x000000061ee00000| Untracked 
| 164|0x000000061f000000, 0x000000061f000000, 0x000000061f200000|  0%| F|  |TAMS 0x000000061f000000, 0x000000061f000000| Untracked 
| 165|0x000000061f200000, 0x000000061f200000, 0x000000061f400000|  0%| F|  |TAMS 0x000000061f200000, 0x000000061f200000| Untracked 
| 166|0x000000061f400000, 0x000000061f400000, 0x000000061f600000|  0%| F|  |TAMS 0x000000061f400000, 0x000000061f400000| Untracked 
| 167|0x000000061f600000, 0x000000061f600000, 0x000000061f800000|  0%| F|  |TAMS 0x000000061f600000, 0x000000061f600000| Untracked 
| 168|0x000000061f800000, 0x000000061f800000, 0x000000061fa00000|  0%| F|  |TAMS 0x000000061f800000, 0x000000061f800000| Untracked 
| 169|0x000000061fa00000, 0x000000061fa00000, 0x000000061fc00000|  0%| F|  |TAMS 0x000000061fa00000, 0x000000061fa00000| Untracked 
| 170|0x000000061fc00000, 0x000000061fc00000, 0x000000061fe00000|  0%| F|  |TAMS 0x000000061fc00000, 0x000000061fc00000| Untracked 
| 171|0x000000061fe00000, 0x000000061fe00000, 0x0000000620000000|  0%| F|  |TAMS 0x000000061fe00000, 0x000000061fe00000| Untracked 
| 172|0x0000000620000000, 0x0000000620000000, 0x0000000620200000|  0%| F|  |TAMS 0x0000000620000000, 0x0000000620000000| Untracked 
| 173|0x0000000620200000, 0x0000000620200000, 0x0000000620400000|  0%| F|  |TAMS 0x0000000620200000, 0x0000000620200000| Untracked 
| 174|0x0000000620400000, 0x0000000620400000, 0x0000000620600000|  0%| F|  |TAMS 0x0000000620400000, 0x0000000620400000| Untracked 
| 175|0x0000000620600000, 0x0000000620600000, 0x0000000620800000|  0%| F|  |TAMS 0x0000000620600000, 0x0000000620600000| Untracked 
| 176|0x0000000620800000, 0x0000000620800000, 0x0000000620a00000|  0%| F|  |TAMS 0x0000000620800000, 0x0000000620800000| Untracked 
| 177|0x0000000620a00000, 0x0000000620a00000, 0x0000000620c00000|  0%| F|  |TAMS 0x0000000620a00000, 0x0000000620a00000| Untracked 
| 178|0x0000000620c00000, 0x0000000620c00000, 0x0000000620e00000|  0%| F|  |TAMS 0x0000000620c00000, 0x0000000620c00000| Untracked 
| 179|0x0000000620e00000, 0x0000000620e00000, 0x0000000621000000|  0%| F|  |TAMS 0x0000000620e00000, 0x0000000620e00000| Untracked 
| 180|0x0000000621000000, 0x0000000621000000, 0x0000000621200000|  0%| F|  |TAMS 0x0000000621000000, 0x0000000621000000| Untracked 
| 181|0x0000000621200000, 0x0000000621200000, 0x0000000621400000|  0%| F|  |TAMS 0x0000000621200000, 0x0000000621200000| Untracked 
| 182|0x0000000621400000, 0x0000000621400000, 0x0000000621600000|  0%| F|  |TAMS 0x0000000621400000, 0x0000000621400000| Untracked 
| 183|0x0000000621600000, 0x0000000621600000, 0x0000000621800000|  0%| F|  |TAMS 0x0000000621600000, 0x0000000621600000| Untracked 
| 184|0x0000000621800000, 0x0000000621800000, 0x0000000621a00000|  0%| F|  |TAMS 0x0000000621800000, 0x0000000621800000| Untracked 
| 185|0x0000000621a00000, 0x0000000621a00000, 0x0000000621c00000|  0%| F|  |TAMS 0x0000000621a00000, 0x0000000621a00000| Untracked 
| 186|0x0000000621c00000, 0x0000000621c00000, 0x0000000621e00000|  0%| F|  |TAMS 0x0000000621c00000, 0x0000000621c00000| Untracked 
| 187|0x0000000621e00000, 0x0000000621e00000, 0x0000000622000000|  0%| F|  |TAMS 0x0000000621e00000, 0x0000000621e00000| Untracked 
| 188|0x0000000622000000, 0x0000000622000000, 0x0000000622200000|  0%| F|  |TAMS 0x0000000622000000, 0x0000000622000000| Untracked 
| 189|0x0000000622200000, 0x0000000622200000, 0x0000000622400000|  0%| F|  |TAMS 0x0000000622200000, 0x0000000622200000| Untracked 
| 190|0x0000000622400000, 0x0000000622400000, 0x0000000622600000|  0%| F|  |TAMS 0x0000000622400000, 0x0000000622400000| Untracked 
| 191|0x0000000622600000, 0x0000000622600000, 0x0000000622800000|  0%| F|  |TAMS 0x0000000622600000, 0x0000000622600000| Untracked 
| 192|0x0000000622800000, 0x0000000622800000, 0x0000000622a00000|  0%| F|  |TAMS 0x0000000622800000, 0x0000000622800000| Untracked 
| 193|0x0000000622a00000, 0x0000000622a00000, 0x0000000622c00000|  0%| F|  |TAMS 0x0000000622a00000, 0x0000000622a00000| Untracked 
| 194|0x0000000622c00000, 0x0000000622c00000, 0x0000000622e00000|  0%| F|  |TAMS 0x0000000622c00000, 0x0000000622c00000| Untracked 
| 195|0x0000000622e00000, 0x0000000622e00000, 0x0000000623000000|  0%| F|  |TAMS 0x0000000622e00000, 0x0000000622e00000| Untracked 
| 196|0x0000000623000000, 0x0000000623000000, 0x0000000623200000|  0%| F|  |TAMS 0x0000000623000000, 0x0000000623000000| Untracked 
| 197|0x0000000623200000, 0x0000000623200000, 0x0000000623400000|  0%| F|  |TAMS 0x0000000623200000, 0x0000000623200000| Untracked 
| 198|0x0000000623400000, 0x0000000623400000, 0x0000000623600000|  0%| F|  |TAMS 0x0000000623400000, 0x0000000623400000| Untracked 
| 199|0x0000000623600000, 0x0000000623600000, 0x0000000623800000|  0%| F|  |TAMS 0x0000000623600000, 0x0000000623600000| Untracked 
| 200|0x0000000623800000, 0x0000000623800000, 0x0000000623a00000|  0%| F|  |TAMS 0x0000000623800000, 0x0000000623800000| Untracked 
| 201|0x0000000623a00000, 0x0000000623a00000, 0x0000000623c00000|  0%| F|  |TAMS 0x0000000623a00000, 0x0000000623a00000| Untracked 
| 202|0x0000000623c00000, 0x0000000623c00000, 0x0000000623e00000|  0%| F|  |TAMS 0x0000000623c00000, 0x0000000623c00000| Untracked 
| 203|0x0000000623e00000, 0x0000000623e00000, 0x0000000624000000|  0%| F|  |TAMS 0x0000000623e00000, 0x0000000623e00000| Untracked 
| 204|0x0000000624000000, 0x0000000624000000, 0x0000000624200000|  0%| F|  |TAMS 0x0000000624000000, 0x0000000624000000| Untracked 
| 205|0x0000000624200000, 0x0000000624200000, 0x0000000624400000|  0%| F|  |TAMS 0x0000000624200000, 0x0000000624200000| Untracked 
| 206|0x0000000624400000, 0x0000000624400000, 0x0000000624600000|  0%| F|  |TAMS 0x0000000624400000, 0x0000000624400000| Untracked 
| 207|0x0000000624600000, 0x0000000624600000, 0x0000000624800000|  0%| F|  |TAMS 0x0000000624600000, 0x0000000624600000| Untracked 
| 208|0x0000000624800000, 0x0000000624800000, 0x0000000624a00000|  0%| F|  |TAMS 0x0000000624800000, 0x0000000624800000| Untracked 
| 209|0x0000000624a00000, 0x0000000624a00000, 0x0000000624c00000|  0%| F|  |TAMS 0x0000000624a00000, 0x0000000624a00000| Untracked 
| 210|0x0000000624c00000, 0x0000000624c00000, 0x0000000624e00000|  0%| F|  |TAMS 0x0000000624c00000, 0x0000000624c00000| Untracked 
| 211|0x0000000624e00000, 0x0000000624e00000, 0x0000000625000000|  0%| F|  |TAMS 0x0000000624e00000, 0x0000000624e00000| Untracked 
| 212|0x0000000625000000, 0x0000000625000000, 0x0000000625200000|  0%| F|  |TAMS 0x0000000625000000, 0x0000000625000000| Untracked 
| 213|0x0000000625200000, 0x0000000625200000, 0x0000000625400000|  0%| F|  |TAMS 0x0000000625200000, 0x0000000625200000| Untracked 
| 214|0x0000000625400000, 0x0000000625400000, 0x0000000625600000|  0%| F|  |TAMS 0x0000000625400000, 0x0000000625400000| Untracked 
| 215|0x0000000625600000, 0x0000000625600000, 0x0000000625800000|  0%| F|  |TAMS 0x0000000625600000, 0x0000000625600000| Untracked 
| 216|0x0000000625800000, 0x0000000625800000, 0x0000000625a00000|  0%| F|  |TAMS 0x0000000625800000, 0x0000000625800000| Untracked 
| 217|0x0000000625a00000, 0x0000000625a00000, 0x0000000625c00000|  0%| F|  |TAMS 0x0000000625a00000, 0x0000000625a00000| Untracked 
| 218|0x0000000625c00000, 0x0000000625c00000, 0x0000000625e00000|  0%| F|  |TAMS 0x0000000625c00000, 0x0000000625c00000| Untracked 
| 219|0x0000000625e00000, 0x0000000625e00000, 0x0000000626000000|  0%| F|  |TAMS 0x0000000625e00000, 0x0000000625e00000| Untracked 
| 220|0x0000000626000000, 0x0000000626000000, 0x0000000626200000|  0%| F|  |TAMS 0x0000000626000000, 0x0000000626000000| Untracked 
| 221|0x0000000626200000, 0x0000000626200000, 0x0000000626400000|  0%| F|  |TAMS 0x0000000626200000, 0x0000000626200000| Untracked 
| 222|0x0000000626400000, 0x0000000626400000, 0x0000000626600000|  0%| F|  |TAMS 0x0000000626400000, 0x0000000626400000| Untracked 
| 223|0x0000000626600000, 0x0000000626600000, 0x0000000626800000|  0%| F|  |TAMS 0x0000000626600000, 0x0000000626600000| Untracked 
| 224|0x0000000626800000, 0x0000000626800000, 0x0000000626a00000|  0%| F|  |TAMS 0x0000000626800000, 0x0000000626800000| Untracked 
| 225|0x0000000626a00000, 0x0000000626a00000, 0x0000000626c00000|  0%| F|  |TAMS 0x0000000626a00000, 0x0000000626a00000| Untracked 
| 226|0x0000000626c00000, 0x0000000626c00000, 0x0000000626e00000|  0%| F|  |TAMS 0x0000000626c00000, 0x0000000626c00000| Untracked 
| 227|0x0000000626e00000, 0x0000000626e00000, 0x0000000627000000|  0%| F|  |TAMS 0x0000000626e00000, 0x0000000626e00000| Untracked 
| 228|0x0000000627000000, 0x0000000627000000, 0x0000000627200000|  0%| F|  |TAMS 0x0000000627000000, 0x0000000627000000| Untracked 
| 229|0x0000000627200000, 0x0000000627200000, 0x0000000627400000|  0%| F|  |TAMS 0x0000000627200000, 0x0000000627200000| Untracked 
| 230|0x0000000627400000, 0x0000000627400000, 0x0000000627600000|  0%| F|  |TAMS 0x0000000627400000, 0x0000000627400000| Untracked 
| 231|0x0000000627600000, 0x0000000627600000, 0x0000000627800000|  0%| F|  |TAMS 0x0000000627600000, 0x0000000627600000| Untracked 
| 232|0x0000000627800000, 0x0000000627800000, 0x0000000627a00000|  0%| F|  |TAMS 0x0000000627800000, 0x0000000627800000| Untracked 
| 233|0x0000000627a00000, 0x0000000627a00000, 0x0000000627c00000|  0%| F|  |TAMS 0x0000000627a00000, 0x0000000627a00000| Untracked 
| 234|0x0000000627c00000, 0x0000000627c00000, 0x0000000627e00000|  0%| F|  |TAMS 0x0000000627c00000, 0x0000000627c00000| Untracked 
| 235|0x0000000627e00000, 0x0000000627e00000, 0x0000000628000000|  0%| F|  |TAMS 0x0000000627e00000, 0x0000000627e00000| Untracked 
| 236|0x0000000628000000, 0x0000000628000000, 0x0000000628200000|  0%| F|  |TAMS 0x0000000628000000, 0x0000000628000000| Untracked 
| 237|0x0000000628200000, 0x0000000628400000, 0x0000000628400000|100%| S|  |TAMS 0x0000000628200000, 0x0000000628200000| Complete 
| 238|0x0000000628400000, 0x0000000628600000, 0x0000000628600000|100%| S|  |TAMS 0x0000000628400000, 0x0000000628400000| Complete 
| 239|0x0000000628600000, 0x0000000628800000, 0x0000000628800000|100%| E|CS|TAMS 0x0000000628600000, 0x0000000628600000| Complete 
| 240|0x0000000628800000, 0x0000000628a00000, 0x0000000628a00000|100%| E|CS|TAMS 0x0000000628800000, 0x0000000628800000| Complete 
| 241|0x0000000628a00000, 0x0000000628c00000, 0x0000000628c00000|100%| E|CS|TAMS 0x0000000628a00000, 0x0000000628a00000| Complete 
| 242|0x0000000628c00000, 0x0000000628e00000, 0x0000000628e00000|100%| E|CS|TAMS 0x0000000628c00000, 0x0000000628c00000| Complete 
| 243|0x0000000628e00000, 0x0000000629000000, 0x0000000629000000|100%| E|CS|TAMS 0x0000000628e00000, 0x0000000628e00000| Complete 
| 244|0x0000000629000000, 0x0000000629200000, 0x0000000629200000|100%| E|CS|TAMS 0x0000000629000000, 0x0000000629000000| Complete 
| 245|0x0000000629200000, 0x00000006293ffb88, 0x0000000629400000| 99%| E|CS|TAMS 0x0000000629200000, 0x0000000629200000| Complete 
| 246|0x0000000629400000, 0x0000000629600000, 0x0000000629600000|100%| E|CS|TAMS 0x0000000629400000, 0x0000000629400000| Complete 
| 247|0x0000000629600000, 0x0000000629800000, 0x0000000629800000|100%| E|CS|TAMS 0x0000000629600000, 0x0000000629600000| Complete 
| 248|0x0000000629800000, 0x0000000629a00000, 0x0000000629a00000|100%| E|CS|TAMS 0x0000000629800000, 0x0000000629800000| Complete 
| 249|0x0000000629a00000, 0x0000000629c00000, 0x0000000629c00000|100%| E|CS|TAMS 0x0000000629a00000, 0x0000000629a00000| Complete 
| 250|0x0000000629c00000, 0x0000000629e00000, 0x0000000629e00000|100%| E|CS|TAMS 0x0000000629c00000, 0x0000000629c00000| Complete 

Card table byte_map: [0x00007f750e0a8000,0x00007f750f054000] _byte_map_base: 0x00007f750b054000

Marking Bits (Prev, Next): (CMBitMap*) 0x00007f752c059788, (CMBitMap*) 0x00007f752c0597c0
 Prev Bits: [0x00007f750539c000, 0x00007f750d0fc000)
 Next Bits: [0x00007f74fd63c000, 0x00007f750539c000)

Polling page: 0x00007f7532922000

Metaspace:

Usage:
  Non-class:      9.75 MB capacity,     9.60 MB ( 98%) used,   144.66 KB (  1%) free+waste,    10.88 KB ( <1%) overhead. 
      Class:      1.23 MB capacity,     1.14 MB ( 92%) used,    89.32 KB (  7%) free+waste,     5.19 KB ( <1%) overhead. 
       Both:     10.98 MB capacity,    10.74 MB ( 98%) used,   233.98 KB (  2%) free+waste,    16.06 KB ( <1%) overhead. 

Virtual space:
  Non-class space:       10.00 MB reserved,      10.00 MB (100%) committed 
      Class space:        1.00 GB reserved,       1.25 MB ( <1%) committed 
             Both:        1.01 GB reserved,      11.25 MB (  1%) committed 

Chunk freelists:
   Non-Class:  77.00 KB
       Class:  23.00 KB
        Both:  100.00 KB

MaxMetaspaceSize: unlimited
CompressedClassSpaceSize: 1.00 GB

CodeHeap 'non-profiled nmethods': size=119172Kb used=256Kb max_used=256Kb free=118915Kb
 bounds [0x00007f751c417000, 0x00007f751c687000, 0x00007f7523878000]
CodeHeap 'profiled nmethods': size=119168Kb used=1616Kb max_used=1616Kb free=117551Kb
 bounds [0x00007f7514fb7000, 0x00007f7515227000, 0x00007f751c417000]
CodeHeap 'non-nmethods': size=7420Kb used=2759Kb max_used=2785Kb free=4661Kb
 bounds [0x00007f7514878000, 0x00007f7514b38000, 0x00007f7514fb7000]
 total_blobs=1272 nmethods=891 adapters=291
 compilation: enabled
              stopped_count=0, restarted_count=0
 full_count=0

Compilation events (20 events):
Event: 0.285 Thread 0x00007f74c0111800 nmethod 884 0x00007f7515149090 code [0x00007f7515149240, 0x00007f7515149380]
Event: 0.285 Thread 0x00007f752c292800 nmethod 883 0x00007f7515149410 code [0x00007f75151495e0, 0x00007f7515149780]
Event: 0.285 Thread 0x00007f74c0110000  885       3       java.util.LinkedList$ListItr::hasNext (20 bytes)
Event: 0.285 Thread 0x00007f74d0070800  886       3       java.lang.reflect.Modifier::isPublic (12 bytes)
Event: 0.285 Thread 0x00007f752c292800  887       3       java.lang.Character::isWhitespace (5 bytes)
Event: 0.285 Thread 0x00007f74c0111800  888       3       java.lang.Character::isWhitespace (9 bytes)
Event: 0.286 Thread 0x00007f74d0070800 nmethod 886 0x00007f7515149890 code [0x00007f7515149a40, 0x00007f7515149b70]
Event: 0.286 Thread 0x00007f74c0110000 nmethod 885 0x00007f7515149c10 code [0x00007f7515149dc0, 0x00007f7515149f30]
Event: 0.286 Thread 0x00007f74d0070800  889       3       java.lang.CharacterDataLatin1::isWhitespace (23 bytes)
Event: 0.286 Thread 0x00007f74c0111800 nmethod 888 0x00007f751514a010 code [0x00007f751514a1e0, 0x00007f751514a3d0]
Event: 0.286 Thread 0x00007f752c292800 nmethod 887 0x00007f751514a490 code [0x00007f751514a660, 0x00007f751514a890]
Event: 0.286 Thread 0x00007f74d0070800 nmethod 889 0x00007f751514a990 code [0x00007f751514ab60, 0x00007f751514ad70]
Event: 0.286 Thread 0x00007f74c0080000 nmethod 807 0x00007f751c454d10 code [0x00007f751c455020, 0x00007f751c4561e8]
Event: 0.286 Thread 0x00007f74c0110000  890       1       java.lang.reflect.Method::getModifiers (5 bytes)
Event: 0.286 Thread 0x00007f74c0110000 nmethod 890 0x00007f751c456d10 code [0x00007f751c456ec0, 0x00007f751c456f70]
Event: 0.287 Thread 0x00007f74c0111800  891       3       sun.invoke.util.Wrapper::forBasicType (16 bytes)
Event: 0.287 Thread 0x00007f74c0111800 nmethod 891 0x00007f751514ae90 code [0x00007f751514b060, 0x00007f751514b1e0]
Event: 0.287 Thread 0x00007f752c290800  892       4       java.lang.String::checkBoundsBeginEnd (60 bytes)
Event: 0.287 Thread 0x00007f74cc0cf800  893       4       java.lang.String::substring (58 bytes)
Event: 0.288 Thread 0x00007f752c290800 nmethod 892 0x00007f751c457010 code [0x00007f751c4571a0, 0x00007f751c457238]

GC Heap History (1 events):
Event: 0.289 GC heap before
{Heap before GC invocations=0 (full 0):
 garbage-first heap   total 514048K, used 30720K [0x000000060a800000, 0x0000000800000000)
  region size 2048K, 12 young (24576K), 0 survivors (0K)
 Metaspace       used 10993K, capacity 11244K, committed 11520K, reserved 1058816K
  class space    used 1162K, capacity 1257K, committed 1280K, reserved 1048576K
}

Deoptimization events (20 events):
Event: 0.249 Thread 0x00007f752c017000 Uncommon trap: trap_request=0xffffff4d fr.pc=0x00007f751c42cea8 relative=0x00000000000001c8
Event: 0.249 Thread 0x00007f752c017000 Uncommon trap: reason=unstable_if action=reinterpret pc=0x00007f751c42cea8 method=java.util.regex.Matcher.reset()Ljava/util/regex/Matcher; @ 47 c2
Event: 0.249 Thread 0x00007f752c017000 DEOPT PACKING pc=0x00007f751c42cea8 sp=0x00007f75311a1350
Event: 0.249 Thread 0x00007f752c017000 DEOPT UNPACKING pc=0x00007f751489d925 sp=0x00007f75311a12f8 mode 2
Event: 0.249 Thread 0x00007f752c017000 Uncommon trap: trap_request=0xffffffde fr.pc=0x00007f751c431128 relative=0x0000000000000428
Event: 0.249 Thread 0x00007f752c017000 Uncommon trap: reason=class_check action=maybe_recompile pc=0x00007f751c431128 method=java.util.regex.Matcher.match(II)Z @ 121 c2
Event: 0.249 Thread 0x00007f752c017000 DEOPT PACKING pc=0x00007f751c431128 sp=0x00007f75311a13b0
Event: 0.249 Thread 0x00007f752c017000 DEOPT UNPACKING pc=0x00007f751489d925 sp=0x00007f75311a1358 mode 2
Event: 0.249 Thread 0x00007f752c017000 Uncommon trap: trap_request=0xffffffde fr.pc=0x00007f751c431128 relative=0x0000000000000428
Event: 0.249 Thread 0x00007f752c017000 Uncommon trap: reason=class_check action=maybe_recompile pc=0x00007f751c431128 method=java.util.regex.Matcher.match(II)Z @ 121 c2
Event: 0.249 Thread 0x00007f752c017000 DEOPT PACKING pc=0x00007f751c431128 sp=0x00007f75311a13b0
Event: 0.249 Thread 0x00007f752c017000 DEOPT UNPACKING pc=0x00007f751489d925 sp=0x00007f75311a1358 mode 2
Event: 0.249 Thread 0x00007f752c017000 Uncommon trap: trap_request=0xffffffde fr.pc=0x00007f751c431128 relative=0x0000000000000428
Event: 0.249 Thread 0x00007f752c017000 Uncommon trap: reason=class_check action=maybe_recompile pc=0x00007f751c431128 method=java.util.regex.Matcher.match(II)Z @ 121 c2
Event: 0.249 Thread 0x00007f752c017000 DEOPT PACKING pc=0x00007f751c431128 sp=0x00007f75311a13b0
Event: 0.249 Thread 0x00007f752c017000 DEOPT UNPACKING pc=0x00007f751489d925 sp=0x00007f75311a1358 mode 2
Event: 0.249 Thread 0x00007f752c017000 Uncommon trap: trap_request=0xffffffde fr.pc=0x00007f751c431128 relative=0x0000000000000428
Event: 0.249 Thread 0x00007f752c017000 Uncommon trap: reason=class_check action=maybe_recompile pc=0x00007f751c431128 method=java.util.regex.Matcher.match(II)Z @ 121 c2
Event: 0.249 Thread 0x00007f752c017000 DEOPT PACKING pc=0x00007f751c431128 sp=0x00007f75311a13b0
Event: 0.249 Thread 0x00007f752c017000 DEOPT UNPACKING pc=0x00007f751489d925 sp=0x00007f75311a1358 mode 2

Classes redefined (0 events):
No events

Internal exceptions (7 events):
Event: 0.113 Thread 0x00007f752c017000 Exception <a 'java/lang/NoSuchMethodError'{0x0000000629b74f80}: 'int java.lang.invoke.DirectMethodHandle$Holder.invokeStaticInit(java.lang.Object, java.lang.Object)'> (0x0000000629b74f80) thrown at [src/hotspot/share/interpreter/linkResolver.cpp, line 772]
Event: 0.123 Thread 0x00007f752c017000 Exception <a 'java/lang/NoSuchMethodError'{0x000000062987bbb8}: 'int java.lang.invoke.DirectMethodHandle$Holder.invokeSpecial(java.lang.Object, java.lang.Object, java.lang.Object, java.lang.Object)'> (0x000000062987bbb8) thrown at [src/hotspot/share/interpreter/linkResolver.cpp, line 772]
Event: 0.125 Thread 0x00007f752c017000 Exception <a 'java/lang/NoSuchMethodError'{0x00000006298b0e08}: 'int java.lang.invoke.DirectMethodHandle$Holder.invokeSpecialIFC(java.lang.Object, java.lang.Object, int)'> (0x00000006298b0e08) thrown at [src/hotspot/share/interpreter/linkResolver.cpp, line 772]
Event: 0.264 Thread 0x00007f752c017000 Exception <a 'java/lang/NoClassDefFoundError'{0x0000000628b60ca0}: org/slf4j/impl/StaticMarkerBinder> (0x0000000628b60ca0) thrown at [src/hotspot/share/classfile/systemDictionary.cpp, line 220]
Event: 0.268 Thread 0x00007f752c017000 Exception <a 'java/lang/NoSuchMethodError'{0x0000000628882018}: 'java.lang.Object java.lang.invoke.DirectMethodHandle$Holder.invokeVirtual(java.lang.Object, java.lang.Object, java.lang.Object, java.lang.Object, java.lang.Object)'> (0x0000000628882018) thrown at [src/hotspot/share/interpreter/linkResolver.cpp, line 772]
Event: 0.276 Thread 0x00007f752c017000 Exception <a 'java/lang/UnsatisfiedLinkError'{0x0000000628979f30}> (0x0000000628979f30) thrown at [src/hotspot/share/prims/jvm.cpp, line 3466]
Event: 0.276 Thread 0x00007f752c017000 Exception <a 'java/lang/UnsatisfiedLinkError'{0x0000000628979f30}> (0x0000000628979f30) thrown at [src/hotspot/share/prims/jni.cpp, line 615]

Events (20 events):
Event: 0.288 loading class org/gradle/internal/typeconversion/NotationConvertResult done
Event: 0.288 loading class org/gradle/internal/typeconversion/UnsupportedNotationException
Event: 0.288 loading class org/gradle/internal/typeconversion/UnsupportedNotationException done
Event: 0.288 loading class org/gradle/internal/typeconversion/TypeConversionException
Event: 0.288 loading class org/gradle/internal/typeconversion/TypeConversionException done
Event: 0.289 loading class org/gradle/internal/typeconversion/ErrorHandlingNotationParser
Event: 0.289 loading class org/gradle/internal/typeconversion/ErrorHandlingNotationParser done
Event: 0.289 loading class org/gradle/internal/exceptions/DiagnosticsVisitor
Event: 0.289 loading class org/gradle/internal/exceptions/DiagnosticsVisitor done
Event: 0.289 loading class com/google/common/collect/Lists
Event: 0.289 loading class com/google/common/collect/Lists done
Event: 0.289 loading class com/google/common/collect/Lists$TransformingRandomAccessList
Event: 0.289 loading class com/google/common/collect/Lists$TransformingRandomAccessList done
Event: 0.289 loading class com/google/common/collect/Lists$TransformingSequentialList
Event: 0.289 loading class com/google/common/collect/Lists$TransformingSequentialList done
Event: 0.289 loading class com/google/common/collect/Lists$Partition
Event: 0.289 loading class com/google/common/collect/Lists$Partition done
Event: 0.289 loading class com/google/common/collect/Lists$RandomAccessPartition
Event: 0.289 loading class com/google/common/collect/Lists$RandomAccessPartition done
Event: 0.289 Executing VM operation: G1CollectForAllocation


Dynamic libraries:
60a800000-629e00000 rw-p 00000000 00:00 0 
629e00000-800000000 ---p 00000000 00:00 0 
800000000-800140000 rw-p 00000000 00:00 0 
800140000-840000000 ---p 00000000 00:00 0 
55c7ee6d3000-55c7ee6d4000 r--p 00000000 fe:00 14942354                   /usr/lib/jvm/java-11-openjdk/bin/java
55c7ee6d4000-55c7ee6d5000 r-xp 00001000 fe:00 14942354                   /usr/lib/jvm/java-11-openjdk/bin/java
55c7ee6d5000-55c7ee6d6000 r--p 00002000 fe:00 14942354                   /usr/lib/jvm/java-11-openjdk/bin/java
55c7ee6d6000-55c7ee6d7000 r--p 00002000 fe:00 14942354                   /usr/lib/jvm/java-11-openjdk/bin/java
55c7ee6d7000-55c7ee6d8000 rw-p 00003000 fe:00 14942354                   /usr/lib/jvm/java-11-openjdk/bin/java
55c7efe2e000-55c7efe4f000 rw-p 00000000 00:00 0                          [heap]
7f7470000000-7f7470021000 rw-p 00000000 00:00 0 
7f7470021000-7f7474000000 ---p 00000000 00:00 0 
7f7478000000-7f7478021000 rw-p 00000000 00:00 0 
7f7478021000-7f747c000000 ---p 00000000 00:00 0 
7f747c000000-7f747c021000 rw-p 00000000 00:00 0 
7f747c021000-7f7480000000 ---p 00000000 00:00 0 
7f7480000000-7f7480021000 rw-p 00000000 00:00 0 
7f7480021000-7f7484000000 ---p 00000000 00:00 0 
7f7484000000-7f7484021000 rw-p 00000000 00:00 0 
7f7484021000-7f7488000000 ---p 00000000 00:00 0 
7f748bbf8000-7f748bbf9000 ---p 00000000 00:00 0 
7f748bbf9000-7f748bcfa000 rw-p 00000000 00:00 0 
7f748bcfa000-7f748bcfb000 ---p 00000000 00:00 0 
7f748bcfb000-7f748bdfc000 rw-p 00000000 00:00 0 
7f748bdfc000-7f748bdfd000 ---p 00000000 00:00 0 
7f748bdfd000-7f748befe000 rw-p 00000000 00:00 0 
7f748befe000-7f748beff000 ---p 00000000 00:00 0 
7f748beff000-7f748c000000 rw-p 00000000 00:00 0 
7f748c000000-7f748c021000 rw-p 00000000 00:00 0 
7f748c021000-7f7490000000 ---p 00000000 00:00 0 
7f7490000000-7f7490021000 rw-p 00000000 00:00 0 
7f7490021000-7f7494000000 ---p 00000000 00:00 0 
7f7494000000-7f7494021000 rw-p 00000000 00:00 0 
7f7494021000-7f7498000000 ---p 00000000 00:00 0 
7f7498000000-7f7498021000 rw-p 00000000 00:00 0 
7f7498021000-7f749c000000 ---p 00000000 00:00 0 
7f749c000000-7f749c021000 rw-p 00000000 00:00 0 
7f749c021000-7f74a0000000 ---p 00000000 00:00 0 
7f74a0000000-7f74a0021000 rw-p 00000000 00:00 0 
7f74a0021000-7f74a4000000 ---p 00000000 00:00 0 
7f74a4000000-7f74a403a000 rw-p 00000000 00:00 0 
7f74a403a000-7f74a8000000 ---p 00000000 00:00 0 
7f74a8000000-7f74a8021000 rw-p 00000000 00:00 0 
7f74a8021000-7f74ac000000 ---p 00000000 00:00 0 
7f74ac000000-7f74ac243000 rw-p 00000000 00:00 0 
7f74ac243000-7f74b0000000 ---p 00000000 00:00 0 
7f74b0000000-7f74b0022000 rw-p 00000000 00:00 0 
7f74b0022000-7f74b4000000 ---p 00000000 00:00 0 
7f74b4000000-7f74b417f000 rw-p 00000000 00:00 0 
7f74b417f000-7f74b8000000 ---p 00000000 00:00 0 
7f74b8000000-7f74b8250000 rw-p 00000000 00:00 0 
7f74b8250000-7f74bc000000 ---p 00000000 00:00 0 
7f74bc000000-7f74bc021000 rw-p 00000000 00:00 0 
7f74bc021000-7f74c0000000 ---p 00000000 00:00 0 
7f74c0000000-7f74c014c000 rw-p 00000000 00:00 0 
7f74c014c000-7f74c4000000 ---p 00000000 00:00 0 
7f74c4000000-7f74c4021000 rw-p 00000000 00:00 0 
7f74c4021000-7f74c8000000 ---p 00000000 00:00 0 
7f74c8000000-7f74c8021000 rw-p 00000000 00:00 0 
7f74c8021000-7f74cc000000 ---p 00000000 00:00 0 
7f74cc000000-7f74cc3a1000 rw-p 00000000 00:00 0 
7f74cc3a1000-7f74d0000000 ---p 00000000 00:00 0 
7f74d0000000-7f74d0187000 rw-p 00000000 00:00 0 
7f74d0187000-7f74d4000000 ---p 00000000 00:00 0 
7f74d4000000-7f74d4021000 rw-p 00000000 00:00 0 
7f74d4021000-7f74d8000000 ---p 00000000 00:00 0 
7f74d8000000-7f74d8021000 rw-p 00000000 00:00 0 
7f74d8021000-7f74dc000000 ---p 00000000 00:00 0 
7f74dc000000-7f74dc021000 rw-p 00000000 00:00 0 
7f74dc021000-7f74e0000000 ---p 00000000 00:00 0 
7f74e0000000-7f74e0021000 rw-p 00000000 00:00 0 
7f74e0021000-7f74e4000000 ---p 00000000 00:00 0 
7f74e4000000-7f74e4021000 rw-p 00000000 00:00 0 
7f74e4021000-7f74e8000000 ---p 00000000 00:00 0 
7f74e8000000-7f74e8021000 rw-p 00000000 00:00 0 
7f74e8021000-7f74ec000000 ---p 00000000 00:00 0 
7f74ec000000-7f74ec021000 rw-p 00000000 00:00 0 
7f74ec021000-7f74f0000000 ---p 00000000 00:00 0 
7f74f0000000-7f74f0021000 rw-p 00000000 00:00 0 
7f74f0021000-7f74f4000000 ---p 00000000 00:00 0 
7f74f407f000-7f74f4080000 ---p 00000000 00:00 0 
7f74f4080000-7f74f4181000 rw-p 00000000 00:00 0 
7f74f4181000-7f74f4182000 ---p 00000000 00:00 0 
7f74f4182000-7f74f4283000 rw-p 00000000 00:00 0 
7f74f4283000-7f74f4284000 ---p 00000000 00:00 0 
7f74f4284000-7f74f4385000 rw-p 00000000 00:00 0 
7f74f4385000-7f74f4386000 ---p 00000000 00:00 0 
7f74f4386000-7f74f4487000 rw-p 00000000 00:00 0 
7f74f4487000-7f74f4488000 ---p 00000000 00:00 0 
7f74f4488000-7f74f4589000 rw-p 00000000 00:00 0 
7f74f4589000-7f74f458a000 ---p 00000000 00:00 0 
7f74f458a000-7f74f468b000 rw-p 00000000 00:00 0 
7f74f468b000-7f74f468c000 ---p 00000000 00:00 0 
7f74f468c000-7f74f478d000 rw-p 00000000 00:00 0 
7f74f478d000-7f74f4791000 ---p 00000000 00:00 0 
7f74f4791000-7f74f488e000 rw-p 00000000 00:00 0 
7f74f488e000-7f74f48a5000 r--p 00000000 fe:00 12458109                   /usr/lib/libncursesw.so.6.2
7f74f48a5000-7f74f48e0000 r-xp 00017000 fe:00 12458109                   /usr/lib/libncursesw.so.6.2
7f74f48e0000-7f74f48f8000 r--p 00052000 fe:00 12458109                   /usr/lib/libncursesw.so.6.2
7f74f48f8000-7f74f48fd000 r--p 00069000 fe:00 12458109                   /usr/lib/libncursesw.so.6.2
7f74f48fd000-7f74f48fe000 rw-p 0006e000 fe:00 12458109                   /usr/lib/libncursesw.so.6.2
7f74f48fe000-7f74f4902000 r-xp 00000000 fe:00 7612623                    /home/cam/.gradle/native/f6784746aeab05261644944871eae4fe03e0ef1612fff0a4a95f87b438bc6780/linux-amd64-ncurses6/libnative-platform-curses.so
7f74f4902000-7f74f4b01000 ---p 00004000 fe:00 7612623                    /home/cam/.gradle/native/f6784746aeab05261644944871eae4fe03e0ef1612fff0a4a95f87b438bc6780/linux-amd64-ncurses6/libnative-platform-curses.so
7f74f4b01000-7f74f4b02000 r--p 00003000 fe:00 7612623                    /home/cam/.gradle/native/f6784746aeab05261644944871eae4fe03e0ef1612fff0a4a95f87b438bc6780/linux-amd64-ncurses6/libnative-platform-curses.so
7f74f4b02000-7f74f4b03000 rw-p 00004000 fe:00 7612623                    /home/cam/.gradle/native/f6784746aeab05261644944871eae4fe03e0ef1612fff0a4a95f87b438bc6780/linux-amd64-ncurses6/libnative-platform-curses.so
7f74f4b03000-7f74f4b08000 r-xp 00000000 fe:00 7487833                    /home/cam/.gradle/native/f6784746aeab05261644944871eae4fe03e0ef1612fff0a4a95f87b438bc6780/linux-amd64/libnative-platform.so
7f74f4b08000-7f74f4d08000 ---p 00005000 fe:00 7487833                    /home/cam/.gradle/native/f6784746aeab05261644944871eae4fe03e0ef1612fff0a4a95f87b438bc6780/linux-amd64/libnative-platform.so
7f74f4d08000-7f74f4d09000 r--p 00005000 fe:00 7487833                    /home/cam/.gradle/native/f6784746aeab05261644944871eae4fe03e0ef1612fff0a4a95f87b438bc6780/linux-amd64/libnative-platform.so
7f74f4d09000-7f74f4d0a000 rw-p 00006000 fe:00 7487833                    /home/cam/.gradle/native/f6784746aeab05261644944871eae4fe03e0ef1612fff0a4a95f87b438bc6780/linux-amd64/libnative-platform.so
7f74f4d0a000-7f74f4d0e000 ---p 00000000 00:00 0 
7f74f4d0e000-7f74f4e0b000 rw-p 00000000 00:00 0 
7f74f4e0b000-7f74f4e0f000 ---p 00000000 00:00 0 
7f74f4e0f000-7f74f510c000 rw-p 00000000 00:00 0 
7f74f510c000-7f74f5110000 ---p 00000000 00:00 0 
7f74f5110000-7f74f520d000 rw-p 00000000 00:00 0 
7f74f520d000-7f74f5211000 ---p 00000000 00:00 0 
7f74f5211000-7f74f530e000 rw-p 00000000 00:00 0 
7f74f530e000-7f74f5312000 ---p 00000000 00:00 0 
7f74f5312000-7f74f540f000 rw-p 00000000 00:00 0 
7f74f540f000-7f74f5413000 ---p 00000000 00:00 0 
7f74f5413000-7f74f5510000 rw-p 00000000 00:00 0 
7f74f5510000-7f74f5514000 ---p 00000000 00:00 0 
7f74f5514000-7f74f5611000 rw-p 00000000 00:00 0 
7f74f5611000-7f74f5612000 ---p 00000000 00:00 0 
7f74f5612000-7f74f5713000 rw-p 00000000 00:00 0 
7f74f5713000-7f74f5717000 ---p 00000000 00:00 0 
7f74f5717000-7f74f5814000 rw-p 00000000 00:00 0 
7f74f5814000-7f74f5818000 ---p 00000000 00:00 0 
7f74f5818000-7f74f5915000 rw-p 00000000 00:00 0 
7f74f5915000-7f74f5919000 ---p 00000000 00:00 0 
7f74f5919000-7f74f5a16000 rw-p 00000000 00:00 0 
7f74f5a16000-7f74f5a1a000 ---p 00000000 00:00 0 
7f74f5a1a000-7f74f5b17000 rw-p 00000000 00:00 0 
7f74f5b17000-7f74f5b1b000 ---p 00000000 00:00 0 
7f74f5b1b000-7f74f5c18000 rw-p 00000000 00:00 0 
7f74f5c18000-7f74f5eff000 r--p 00000000 fe:00 12461476                   /usr/lib/locale/locale-archive
7f74f5eff000-7f74f5f03000 ---p 00000000 00:00 0 
7f74f5f03000-7f74f8000000 rw-p 00000000 00:00 0 
7f74f8000000-7f74f8021000 rw-p 00000000 00:00 0 
7f74f8021000-7f74fc000000 ---p 00000000 00:00 0 
7f74fc07a000-7f74fc0ab000 rw-p 00000000 00:00 0 
7f74fc0ab000-7f74fc0af000 ---p 00000000 00:00 0 
7f74fc0af000-7f74fc1ac000 rw-p 00000000 00:00 0 
7f74fc1ac000-7f74fc1ad000 ---p 00000000 00:00 0 
7f74fc1ad000-7f74fcb2f000 rw-p 00000000 00:00 0 
7f74fcb2f000-7f74fcb30000 ---p 00000000 00:00 0 
7f74fcb30000-7f74fcc31000 rw-p 00000000 00:00 0 
7f74fcc31000-7f74fcc32000 ---p 00000000 00:00 0 
7f74fcc32000-7f74fde14000 rw-p 00000000 00:00 0 
7f74fde14000-7f750539c000 ---p 00000000 00:00 0 
7f750539c000-7f7505b74000 rw-p 00000000 00:00 0 
7f7505b74000-7f750d0fc000 ---p 00000000 00:00 0 
7f750d0fc000-7f750d1f7000 rw-p 00000000 00:00 0 
7f750d1f7000-7f750e0a8000 ---p 00000000 00:00 0 
7f750e0a8000-7f750e1a3000 rw-p 00000000 00:00 0 
7f750e1a3000-7f750f054000 ---p 00000000 00:00 0 
7f750f054000-7f750f14f000 rw-p 00000000 00:00 0 
7f750f14f000-7f7510000000 ---p 00000000 00:00 0 
7f7510000000-7f7510021000 rw-p 00000000 00:00 0 
7f7510021000-7f7514000000 ---p 00000000 00:00 0 
7f7514012000-7f7514016000 r--p 00000000 fe:00 14942428                   /usr/lib/jvm/java-11-openjdk/lib/libnet.so
7f7514016000-7f7514025000 r-xp 00004000 fe:00 14942428                   /usr/lib/jvm/java-11-openjdk/lib/libnet.so
7f7514025000-7f7514029000 r--p 00013000 fe:00 14942428                   /usr/lib/jvm/java-11-openjdk/lib/libnet.so
7f7514029000-7f751402a000 r--p 00016000 fe:00 14942428                   /usr/lib/jvm/java-11-openjdk/lib/libnet.so
7f751402a000-7f751402b000 rw-p 00017000 fe:00 14942428                   /usr/lib/jvm/java-11-openjdk/lib/libnet.so
7f751402b000-7f75144f4000 rw-p 00000000 00:00 0 
7f75144f4000-7f75144f5000 ---p 00000000 00:00 0 
7f75144f5000-7f75145f6000 rw-p 00000000 00:00 0 
7f75145f6000-7f75145f7000 ---p 00000000 00:00 0 
7f75145f7000-7f7514878000 rw-p 00000000 00:00 0 
7f7514878000-7f7514b38000 rwxp 00000000 00:00 0 
7f7514b38000-7f7514fb7000 ---p 00000000 00:00 0 
7f7514fb7000-7f7515227000 rwxp 00000000 00:00 0 
7f7515227000-7f751c417000 ---p 00000000 00:00 0 
7f751c417000-7f751c687000 rwxp 00000000 00:00 0 
7f751c687000-7f7523878000 ---p 00000000 00:00 0 
7f7523878000-7f752c000000 r--s 00000000 fe:00 14942445                   /usr/lib/jvm/java-11-openjdk/lib/modules
7f752c000000-7f752caa6000 rw-p 00000000 00:00 0 
7f752caa6000-7f7530000000 ---p 00000000 00:00 0 
7f7530003000-7f753000a000 r--p 00000000 fe:00 14942430                   /usr/lib/jvm/java-11-openjdk/lib/libnio.so
7f753000a000-7f7530011000 r-xp 00007000 fe:00 14942430                   /usr/lib/jvm/java-11-openjdk/lib/libnio.so
7f7530011000-7f7530014000 r--p 0000e000 fe:00 14942430                   /usr/lib/jvm/java-11-openjdk/lib/libnio.so
7f7530014000-7f7530015000 r--p 00010000 fe:00 14942430                   /usr/lib/jvm/java-11-openjdk/lib/libnio.so
7f7530015000-7f7530016000 rw-p 00011000 fe:00 14942430                   /usr/lib/jvm/java-11-openjdk/lib/libnio.so
7f7530016000-7f7530d62000 rw-p 00000000 00:00 0 
7f7530d62000-7f7530d63000 ---p 00000000 00:00 0 
7f7530d63000-7f7530e69000 rw-p 00000000 00:00 0 
7f7530e69000-7f7530f4d000 ---p 00000000 00:00 0 
7f7530f4d000-7f7530f52000 rw-p 00000000 00:00 0 
7f7530f52000-7f7531036000 ---p 00000000 00:00 0 
7f7531036000-7f7531039000 r--p 00000000 fe:00 12458133                   /usr/lib/libnss_files-2.33.so
7f7531039000-7f7531040000 r-xp 00003000 fe:00 12458133                   /usr/lib/libnss_files-2.33.so
7f7531040000-7f7531042000 r--p 0000a000 fe:00 12458133                   /usr/lib/libnss_files-2.33.so
7f7531042000-7f7531043000 r--p 0000b000 fe:00 12458133                   /usr/lib/libnss_files-2.33.so
7f7531043000-7f7531044000 rw-p 0000c000 fe:00 12458133                   /usr/lib/libnss_files-2.33.so
7f7531044000-7f7531050000 rw-p 00000000 00:00 0 
7f7531050000-7f7531059000 ---p 00000000 00:00 0 
7f7531059000-7f753105b000 r--p 00000000 fe:00 14942444                   /usr/lib/jvm/java-11-openjdk/lib/libzip.so
7f753105b000-7f753105f000 r-xp 00002000 fe:00 14942444                   /usr/lib/jvm/java-11-openjdk/lib/libzip.so
7f753105f000-7f7531061000 r--p 00006000 fe:00 14942444                   /usr/lib/jvm/java-11-openjdk/lib/libzip.so
7f7531061000-7f7531062000 r--p 00007000 fe:00 14942444                   /usr/lib/jvm/java-11-openjdk/lib/libzip.so
7f7531062000-7f7531063000 rw-p 00008000 fe:00 14942444                   /usr/lib/jvm/java-11-openjdk/lib/libzip.so
7f7531063000-7f753106b000 rw-s 00000000 00:20 189                        /tmp/hsperfdata_cam/116108
7f753106b000-7f7531079000 r--p 00000000 fe:00 14942408                   /usr/lib/jvm/java-11-openjdk/lib/libjava.so
7f7531079000-7f753108e000 r-xp 0000e000 fe:00 14942408                   /usr/lib/jvm/java-11-openjdk/lib/libjava.so
7f753108e000-7f7531095000 r--p 00023000 fe:00 14942408                   /usr/lib/jvm/java-11-openjdk/lib/libjava.so
7f7531095000-7f7531096000 r--p 00029000 fe:00 14942408                   /usr/lib/jvm/java-11-openjdk/lib/libjava.so
7f7531096000-7f7531097000 rw-p 0002a000 fe:00 14942408                   /usr/lib/jvm/java-11-openjdk/lib/libjava.so
7f7531097000-7f7531098000 rw-p 00000000 00:00 0 
7f7531098000-7f753109b000 r--p 00000000 fe:00 12458184                   /usr/lib/librt-2.33.so
7f753109b000-7f753109f000 r-xp 00003000 fe:00 12458184                   /usr/lib/librt-2.33.so
7f753109f000-7f75310a1000 r--p 00007000 fe:00 12458184                   /usr/lib/librt-2.33.so
7f75310a1000-7f75310a2000 r--p 00008000 fe:00 12458184                   /usr/lib/librt-2.33.so
7f75310a2000-7f75310a3000 rw-p 00009000 fe:00 12458184                   /usr/lib/librt-2.33.so
7f75310a3000-7f75310a7000 ---p 00000000 00:00 0 
7f75310a7000-7f75311a4000 rw-p 00000000 00:00 0 
7f75311a4000-7f75311a7000 r--p 00000000 fe:00 12458021                   /usr/lib/libgcc_s.so.1
7f75311a7000-7f75311b9000 r-xp 00003000 fe:00 12458021                   /usr/lib/libgcc_s.so.1
7f75311b9000-7f75311bc000 r--p 00015000 fe:00 12458021                   /usr/lib/libgcc_s.so.1
7f75311bc000-7f75311bd000 ---p 00018000 fe:00 12458021                   /usr/lib/libgcc_s.so.1
7f75311bd000-7f75311be000 r--p 00018000 fe:00 12458021                   /usr/lib/libgcc_s.so.1
7f75311be000-7f75311bf000 rw-p 00019000 fe:00 12458021                   /usr/lib/libgcc_s.so.1
7f75311bf000-7f75311ce000 r--p 00000000 fe:00 12458091                   /usr/lib/libm-2.33.so
7f75311ce000-7f7531268000 r-xp 0000f000 fe:00 12458091                   /usr/lib/libm-2.33.so
7f7531268000-7f7531300000 r--p 000a9000 fe:00 12458091                   /usr/lib/libm-2.33.so
7f7531300000-7f7531301000 ---p 00141000 fe:00 12458091                   /usr/lib/libm-2.33.so
7f7531301000-7f7531302000 r--p 00141000 fe:00 12458091                   /usr/lib/libm-2.33.so
7f7531302000-7f7531303000 rw-p 00142000 fe:00 12458091                   /usr/lib/libm-2.33.so
7f7531303000-7f753139c000 r--p 00000000 fe:00 12458198                   /usr/lib/libstdc++.so.6.0.29
7f753139c000-7f753149c000 r-xp 00099000 fe:00 12458198                   /usr/lib/libstdc++.so.6.0.29
7f753149c000-7f7531508000 r--p 00199000 fe:00 12458198                   /usr/lib/libstdc++.so.6.0.29
7f7531508000-7f7531515000 r--p 00204000 fe:00 12458198                   /usr/lib/libstdc++.so.6.0.29
7f7531515000-7f7531516000 rw-p 00211000 fe:00 12458198                   /usr/lib/libstdc++.so.6.0.29
7f7531516000-7f7531519000 rw-p 00000000 00:00 0 
7f7531519000-7f753178a000 r--p 00000000 fe:00 14942457                   /usr/lib/jvm/java-11-openjdk/lib/server/libjvm.so
7f753178a000-7f753237b000 r-xp 00271000 fe:00 14942457                   /usr/lib/jvm/java-11-openjdk/lib/server/libjvm.so
7f753237b000-7f75325bf000 r--p 00e62000 fe:00 14942457                   /usr/lib/jvm/java-11-openjdk/lib/server/libjvm.so
7f75325bf000-7f75325c0000 ---p 010a6000 fe:00 14942457                   /usr/lib/jvm/java-11-openjdk/lib/server/libjvm.so
7f75325c0000-7f753267e000 r--p 010a6000 fe:00 14942457                   /usr/lib/jvm/java-11-openjdk/lib/server/libjvm.so
7f753267e000-7f75326b7000 rw-p 01164000 fe:00 14942457                   /usr/lib/jvm/java-11-openjdk/lib/server/libjvm.so
7f75326b7000-7f7532710000 rw-p 00000000 00:00 0 
7f7532710000-7f7532717000 r--p 00000000 fe:00 12458173                   /usr/lib/libpthread-2.33.so
7f7532717000-7f7532726000 r-xp 00007000 fe:00 12458173                   /usr/lib/libpthread-2.33.so
7f7532726000-7f753272a000 r--p 00016000 fe:00 12458173                   /usr/lib/libpthread-2.33.so
7f753272a000-7f753272b000 ---p 0001a000 fe:00 12458173                   /usr/lib/libpthread-2.33.so
7f753272b000-7f753272c000 r--p 0001a000 fe:00 12458173                   /usr/lib/libpthread-2.33.so
7f753272c000-7f753272d000 rw-p 0001b000 fe:00 12458173                   /usr/lib/libpthread-2.33.so
7f753272d000-7f7532731000 rw-p 00000000 00:00 0 
7f7532731000-7f7532733000 r--p 00000000 fe:00 12457984                   /usr/lib/libdl-2.33.so
7f7532733000-7f7532735000 r-xp 00002000 fe:00 12457984                   /usr/lib/libdl-2.33.so
7f7532735000-7f7532736000 r--p 00004000 fe:00 12457984                   /usr/lib/libdl-2.33.so
7f7532736000-7f7532737000 r--p 00004000 fe:00 12457984                   /usr/lib/libdl-2.33.so
7f7532737000-7f7532738000 rw-p 00005000 fe:00 12457984                   /usr/lib/libdl-2.33.so
7f7532738000-7f753273b000 r--p 00000000 fe:00 12458264                   /usr/lib/libz.so.1.2.11
7f753273b000-7f7532749000 r-xp 00003000 fe:00 12458264                   /usr/lib/libz.so.1.2.11
7f7532749000-7f753274f000 r--p 00011000 fe:00 12458264                   /usr/lib/libz.so.1.2.11
7f753274f000-7f7532750000 ---p 00017000 fe:00 12458264                   /usr/lib/libz.so.1.2.11
7f7532750000-7f7532751000 r--p 00017000 fe:00 12458264                   /usr/lib/libz.so.1.2.11
7f7532751000-7f7532752000 rw-p 00018000 fe:00 12458264                   /usr/lib/libz.so.1.2.11
7f7532752000-7f7532778000 r--p 00000000 fe:00 12457959                   /usr/lib/libc-2.33.so
7f7532778000-7f75328c3000 r-xp 00026000 fe:00 12457959                   /usr/lib/libc-2.33.so
7f75328c3000-7f753290f000 r--p 00171000 fe:00 12457959                   /usr/lib/libc-2.33.so
7f753290f000-7f7532912000 r--p 001bc000 fe:00 12457959                   /usr/lib/libc-2.33.so
7f7532912000-7f7532915000 rw-p 001bf000 fe:00 12457959                   /usr/lib/libc-2.33.so
7f7532915000-7f753291e000 rw-p 00000000 00:00 0 
7f7532922000-7f7532923000 ---p 00000000 00:00 0 
7f7532923000-7f7532924000 r--p 00000000 00:00 0 
7f7532924000-7f7532926000 r--p 00000000 fe:00 14942414                   /usr/lib/jvm/java-11-openjdk/lib/libjimage.so
7f7532926000-7f7532929000 r-xp 00002000 fe:00 14942414                   /usr/lib/jvm/java-11-openjdk/lib/libjimage.so
7f7532929000-7f753292a000 r--p 00005000 fe:00 14942414                   /usr/lib/jvm/java-11-openjdk/lib/libjimage.so
7f753292a000-7f753292b000 ---p 00006000 fe:00 14942414                   /usr/lib/jvm/java-11-openjdk/lib/libjimage.so
7f753292b000-7f753292c000 r--p 00006000 fe:00 14942414                   /usr/lib/jvm/java-11-openjdk/lib/libjimage.so
7f753292c000-7f753292d000 rw-p 00007000 fe:00 14942414                   /usr/lib/jvm/java-11-openjdk/lib/libjimage.so
7f753292d000-7f7532932000 r--p 00000000 fe:00 14942442                   /usr/lib/jvm/java-11-openjdk/lib/libverify.so
7f7532932000-7f7532939000 r-xp 00005000 fe:00 14942442                   /usr/lib/jvm/java-11-openjdk/lib/libverify.so
7f7532939000-7f753293b000 r--p 0000c000 fe:00 14942442                   /usr/lib/jvm/java-11-openjdk/lib/libverify.so
7f753293b000-7f753293c000 ---p 0000e000 fe:00 14942442                   /usr/lib/jvm/java-11-openjdk/lib/libverify.so
7f753293c000-7f753293e000 r--p 0000e000 fe:00 14942442                   /usr/lib/jvm/java-11-openjdk/lib/libverify.so
7f753293e000-7f753293f000 rw-p 00010000 fe:00 14942442                   /usr/lib/jvm/java-11-openjdk/lib/libverify.so
7f753293f000-7f7532942000 r--p 00000000 fe:00 14942382                   /usr/lib/jvm/java-11-openjdk/lib/jli/libjli.so
7f7532942000-7f753294c000 r-xp 00003000 fe:00 14942382                   /usr/lib/jvm/java-11-openjdk/lib/jli/libjli.so
7f753294c000-7f753294f000 r--p 0000d000 fe:00 14942382                   /usr/lib/jvm/java-11-openjdk/lib/jli/libjli.so
7f753294f000-7f7532950000 ---p 00010000 fe:00 14942382                   /usr/lib/jvm/java-11-openjdk/lib/jli/libjli.so
7f7532950000-7f7532951000 r--p 00010000 fe:00 14942382                   /usr/lib/jvm/java-11-openjdk/lib/jli/libjli.so
7f7532951000-7f7532952000 rw-p 00011000 fe:00 14942382                   /usr/lib/jvm/java-11-openjdk/lib/jli/libjli.so
7f7532952000-7f7532954000 rw-p 00000000 00:00 0 
7f7532954000-7f7532955000 r--p 00000000 fe:00 12457913                   /usr/lib/ld-2.33.so
7f7532955000-7f7532979000 r-xp 00001000 fe:00 12457913                   /usr/lib/ld-2.33.so
7f7532979000-7f7532982000 r--p 00025000 fe:00 12457913                   /usr/lib/ld-2.33.so
7f7532982000-7f7532984000 r--p 0002d000 fe:00 12457913                   /usr/lib/ld-2.33.so
7f7532984000-7f7532986000 rw-p 0002f000 fe:00 12457913                   /usr/lib/ld-2.33.so
7fffc6c86000-7fffc6ca7000 rw-p 00000000 00:00 0                          [stack]
7fffc6dcb000-7fffc6dcf000 r--p 00000000 00:00 0                          [vvar]
7fffc6dcf000-7fffc6dd1000 r-xp 00000000 00:00 0                          [vdso]
ffffffffff600000-ffffffffff601000 --xp 00000000 00:00 0                  [vsyscall]


VM Arguments:
jvm_args: -Dorg.gradle.appname=gradlew 
java_command: org.gradle.wrapper.GradleWrapperMain assembleDebug -p /home/cam/Godot/vr/android/build -Pexport_package_name=org.godotengine.codecanary -Pexport_version_code=1 -Pexport_version_name=1.0 -Pexport_enabled_abis=armeabi-v7a|arm64-v8a -Pplugins_local_binaries=/home/cam/Godot/vr/android/plugins/gdovrmobile.3.1.0-release.aar -Pplugins_remote_binaries= -Pplugins_maven_repos= -Pperform_zipalign=true -Pperform_signing=true -Pgodot_editor_version=3.3.2.stable
java_class_path (initial): /home/cam/Godot/vr/android/build/gradle/wrapper/gradle-wrapper.jar
Launcher Type: SUN_STANDARD

[Global flags]
     intx CICompilerCount                          = 12                                        {product} {ergonomic}
     uint ConcGCThreads                            = 3                                         {product} {ergonomic}
     uint G1ConcRefinementThreads                  = 13                                        {product} {ergonomic}
   size_t G1HeapRegionSize                         = 2097152                                   {product} {ergonomic}
    uintx GCDrainStackTargetSize                   = 64                                        {product} {ergonomic}
   size_t InitialHeapSize                          = 526385152                                 {product} {ergonomic}
   size_t MarkStackSize                            = 4194304                                   {product} {ergonomic}
   size_t MaxHeapSize                              = 8413773824                                {product} {ergonomic}
   size_t MaxNewSize                               = 5047844864                                {product} {ergonomic}
   size_t MinHeapDeltaBytes                        = 2097152                                   {product} {ergonomic}
    uintx NonNMethodCodeHeapSize                   = 7594288                                {pd product} {ergonomic}
    uintx NonProfiledCodeHeapSize                  = 122031976                              {pd product} {ergonomic}
    uintx ProfiledCodeHeapSize                     = 122031976                              {pd product} {ergonomic}
    uintx ReservedCodeCacheSize                    = 251658240                              {pd product} {ergonomic}
     bool SegmentedCodeCache                       = true                                      {product} {ergonomic}
     bool UseCompressedClassPointers               = true                                 {lp64_product} {ergonomic}
     bool UseCompressedOops                        = true                                 {lp64_product} {ergonomic}
     bool UseG1GC                                  = true                                      {product} {ergonomic}

Logging:
Log output configuration:
 #0: stdout all=warning uptime,level,tags
 #1: stderr all=off uptime,level,tags

Environment Variables:
PATH=/home/cam/.local/bin:/usr/local/bin:/usr/bin:/bin:/usr/local/sbin:/usr/lib/jvm/default/bin:/usr/bin/site_perl:/usr/bin/vendor_perl:/usr/bin/core_perl:/var/lib/snapd/snap/bin
SHELL=/bin/bash
DISPLAY=:0.0
LANG=en_US.utf8

Signal Handlers:
SIGSEGV: [libjvm.so+0xdedcb0], sa_mask[0]=11111111011111111101111111111110, sa_flags=SA_RESTART|SA_SIGINFO
SIGBUS: [libjvm.so+0xdedcb0], sa_mask[0]=11111111011111111101111111111110, sa_flags=SA_RESTART|SA_SIGINFO
SIGFPE: [libjvm.so+0xdedcb0], sa_mask[0]=11111111011111111101111111111110, sa_flags=SA_RESTART|SA_SIGINFO
SIGPIPE: [libjvm.so+0xbe0810], sa_mask[0]=11111111011111111101111111111110, sa_flags=SA_RESTART|SA_SIGINFO
SIGXFSZ: [libjvm.so+0xbe0810], sa_mask[0]=11111111011111111101111111111110, sa_flags=SA_RESTART|SA_SIGINFO
SIGILL: [libjvm.so+0xdedcb0], sa_mask[0]=11111111011111111101111111111110, sa_flags=SA_RESTART|SA_SIGINFO
SIGUSR2: [libjvm.so+0xbe06a0], sa_mask[0]=00000000000000000000000000000000, sa_flags=SA_RESTART|SA_SIGINFO
SIGHUP: [libjvm.so+0xbe0c80], sa_mask[0]=11111111011111111101111111111110, sa_flags=SA_RESTART|SA_SIGINFO
SIGINT: [libjvm.so+0xbe0c80], sa_mask[0]=11111111011111111101111111111110, sa_flags=SA_RESTART|SA_SIGINFO
SIGTERM: [libjvm.so+0xbe0c80], sa_mask[0]=11111111011111111101111111111110, sa_flags=SA_RESTART|SA_SIGINFO
SIGQUIT: [libjvm.so+0xbe0c80], sa_mask[0]=11111111011111111101111111111110, sa_flags=SA_RESTART|SA_SIGINFO


---------------  S Y S T E M  ---------------

OS:DISTRIB_ID=ManjaroLinux
DISTRIB_RELEASE=21.1.0
DISTRIB_CODENAME=Pahvo
DISTRIB_DESCRIPTION="Manjaro Linux"
uname:Linux 5.10.49-1-MANJARO #1 SMP PREEMPT Sun Jul 11 12:59:43 UTC 2021 x86_64
OS uptime: 0 days 1:16 hours
libc:glibc 2.33 NPTL 2.33 
rlimit (soft/hard): STACK 8192k/infinity , CORE infinity/infinity , NPROC 128041/128041 , NOFILE 524288/524288 , AS infinity/infinity , CPU infinity/infinity , DATA infinity/infinity , FSIZE infinity/infinity , MEMLOCK 64k/64k
load average:1.70 1.54 1.51

/proc/meminfo:
MemTotal:       32864744 kB
MemFree:        24748784 kB
MemAvailable:   29504040 kB
Buffers:          108364 kB
Cached:          5049688 kB
SwapCached:            0 kB
Active:          2039496 kB
Inactive:        5322648 kB
Active(anon):      18408 kB
Inactive(anon):  2322160 kB
Active(file):    2021088 kB
Inactive(file):  3000488 kB
Unevictable:         112 kB
Mlocked:             112 kB
SwapTotal:             0 kB
SwapFree:              0 kB
Dirty:            268092 kB
Writeback:             0 kB
AnonPages:       2204560 kB
Mapped:           712020 kB
Shmem:            136812 kB
KReclaimable:     196544 kB
Slab:             354352 kB
SReclaimable:     196544 kB
SUnreclaim:       157808 kB
KernelStack:       21104 kB
PageTables:        34892 kB
NFS_Unstable:          0 kB
Bounce:                0 kB
WritebackTmp:          0 kB
CommitLimit:    16432372 kB
Committed_AS:    9840372 kB
VmallocTotal:   34359738367 kB
VmallocUsed:       87368 kB
VmallocChunk:          0 kB
Percpu:            26368 kB
HardwareCorrupted:     0 kB
AnonHugePages:         0 kB
ShmemHugePages:        0 kB
ShmemPmdMapped:        0 kB
FileHugePages:         0 kB
FilePmdMapped:         0 kB
CmaTotal:              0 kB
CmaFree:               0 kB
HugePages_Total:       0
HugePages_Free:        0
HugePages_Rsvd:        0
HugePages_Surp:        0
Hugepagesize:       2048 kB
Hugetlb:               0 kB
DirectMap4k:      584296 kB
DirectMap2M:     8777728 kB
DirectMap1G:    24117248 kB

/sys/kernel/mm/transparent_hugepage/enabled:
always [madvise] never
/sys/kernel/mm/transparent_hugepage/defrag (defrag/compaction efforts parameter):
always defer defer+madvise [madvise] never

Process Memory:
Virtual Size: 12325668K (peak: 12391204K)
Resident Set Size: 89508K (peak: 89508K) (anon: 70188K, file: 19288K, shmem: 32K)
Swapped out: 0K
C-Heap outstanding allocations: 21637K

/proc/sys/kernel/threads-max (system-wide limit on the number of threads):
256083
/proc/sys/vm/max_map_count (maximum number of memory map areas a process may have):
65530
/proc/sys/kernel/pid_max (system-wide limit on number of process identifiers):
4194304

Steal ticks since vm start: 0
Steal ticks percentage since vm start:  0.000

CPU:total 16 (initial active 16) (16 cores per cpu, 2 threads per core) family 23 model 113 stepping 0 microcode 0x8701021, cmov, cx8, fxsr, mmx, sse, sse2, sse3, ssse3, sse4.1, sse4.2, popcnt, avx, avx2, aes, clmul, mmxext, 3dnowpref, lzcnt, sse4a, ht, tsc, tscinvbit, tscinv, bmi1, bmi2
CPU Model and flags from /proc/cpuinfo:
model name	: AMD Ryzen 7 3700X 8-Core Processor
flags		: fpu vme de pse tsc msr pae mce cx8 apic sep mtrr pge mca cmov pat pse36 clflush mmx fxsr sse sse2 ht syscall nx mmxext fxsr_opt pdpe1gb rdtscp lm constant_tsc rep_good nopl nonstop_tsc cpuid extd_apicid aperfmperf pni pclmulqdq monitor ssse3 fma cx16 sse4_1 sse4_2 movbe popcnt aes xsave avx f16c rdrand lahf_lm cmp_legacy svm extapic cr8_legacy abm sse4a misalignsse 3dnowprefetch osvw ibs skinit wdt tce topoext perfctr_core perfctr_nb bpext perfctr_llc mwaitx cpb cat_l3 cdp_l3 hw_pstate sme ssbd mba sev ibpb stibp vmmcall sev_es fsgsbase bmi1 avx2 smep bmi2 cqm rdt_a rdseed adx smap clflushopt clwb sha_ni xsaveopt xsavec xgetbv1 xsaves cqm_llc cqm_occup_llc cqm_mbm_total cqm_mbm_local clzero irperf xsaveerptr rdpru wbnoinvd arat npt lbrv svm_lock nrip_save tsc_scale vmcb_clean flushbyasid decodeassists pausefilter pfthreshold avic v_vmsave_vmload vgif umip rdpid overflow_recov succor smca
Online cpus:
0-15
Offline cpus:
16-31
BIOS frequency limitation:
3600000
Frequency switch latency (ns):
0
Available cpu frequencies:
3600000 2800000 2200000 
Current governor:
schedutil
Core performance/turbo boost:
1

Memory: 4k page, physical 32864744k(24748532k free), swap 0k(0k free)

vm_info: OpenJDK 64-Bit Server VM (11.0.11+9) for linux-amd64 JRE (11.0.11+9), built on Apr 24 2021 01:58:48 by "builduser" with gcc 10.2.0

END.
